{"C:\\Users\\gilbe\\Documents\\GitHub\\Interactive-README-Generator-with-AI-Pro\\src\\modules\\accessibility.js": {"path":"C:\\Users\\gilbe\\Documents\\GitHub\\Interactive-README-Generator-with-AI-Pro\\src\\modules\\accessibility.js","statementMap":{"0":{"start":{"line":1,"column":28},"end":{"line":103,"column":1}},"1":{"start":{"line":3,"column":4},"end":{"line":3,"column":27}},"2":{"start":{"line":4,"column":4},"end":{"line":4,"column":29}},"3":{"start":{"line":5,"column":4},"end":{"line":5,"column":33}},"4":{"start":{"line":12,"column":23},"end":{"line":12,"column":52}},"5":{"start":{"line":13,"column":4},"end":{"line":13,"column":39}},"6":{"start":{"line":14,"column":4},"end":{"line":14,"column":51}},"7":{"start":{"line":15,"column":4},"end":{"line":15,"column":51}},"8":{"start":{"line":16,"column":4},"end":{"line":16,"column":48}},"9":{"start":{"line":17,"column":4},"end":{"line":17,"column":42}},"10":{"start":{"line":25,"column":23},"end":{"line":25,"column":66}},"11":{"start":{"line":26,"column":4},"end":{"line":31,"column":5}},"12":{"start":{"line":28,"column":6},"end":{"line":28,"column":34}},"13":{"start":{"line":30,"column":6},"end":{"line":30,"column":39}},"14":{"start":{"line":38,"column":4},"end":{"line":51,"column":7}},"15":{"start":{"line":39,"column":6},"end":{"line":43,"column":7}},"16":{"start":{"line":41,"column":19},"end":{"line":41,"column":106}},"17":{"start":{"line":42,"column":8},"end":{"line":42,"column":22}},"18":{"start":{"line":45,"column":23},"end":{"line":45,"column":47}},"19":{"start":{"line":46,"column":6},"end":{"line":50,"column":7}},"20":{"start":{"line":47,"column":23},"end":{"line":47,"column":41}},"21":{"start":{"line":48,"column":8},"end":{"line":48,"column":29}},"22":{"start":{"line":49,"column":8},"end":{"line":49,"column":55}},"23":{"start":{"line":59,"column":4},"end":{"line":91,"column":7}},"24":{"start":{"line":60,"column":28},"end":{"line":60,"column":50}},"25":{"start":{"line":61,"column":28},"end":{"line":61,"column":101}},"26":{"start":{"line":64,"column":6},"end":{"line":70,"column":7}},"27":{"start":{"line":65,"column":8},"end":{"line":65,"column":27}},"28":{"start":{"line":66,"column":24},"end":{"line":66,"column":39}},"29":{"start":{"line":67,"column":8},"end":{"line":69,"column":9}},"30":{"start":{"line":68,"column":10},"end":{"line":68,"column":47}},"31":{"start":{"line":73,"column":6},"end":{"line":78,"column":7}},"32":{"start":{"line":74,"column":26},"end":{"line":74,"column":77}},"33":{"start":{"line":75,"column":8},"end":{"line":77,"column":9}},"34":{"start":{"line":76,"column":10},"end":{"line":76,"column":39}},"35":{"start":{"line":81,"column":27},"end":{"line":81,"column":90}},"36":{"start":{"line":82,"column":6},"end":{"line":90,"column":7}},"37":{"start":{"line":83,"column":8},"end":{"line":89,"column":9}},"38":{"start":{"line":84,"column":10},"end":{"line":84,"column":29}},"39":{"start":{"line":85,"column":10},"end":{"line":85,"column":53}},"40":{"start":{"line":86,"column":15},"end":{"line":89,"column":9}},"41":{"start":{"line":87,"column":10},"end":{"line":87,"column":29}},"42":{"start":{"line":88,"column":10},"end":{"line":88,"column":53}},"43":{"start":{"line":94,"column":4},"end":{"line":101,"column":7}},"44":{"start":{"line":95,"column":8},"end":{"line":100,"column":11}},"45":{"start":{"line":96,"column":12},"end":{"line":99,"column":13}},"46":{"start":{"line":97,"column":16},"end":{"line":97,"column":35}},"47":{"start":{"line":98,"column":16},"end":{"line":98,"column":59}}},"fnMap":{"0":{"name":"(anonymous_0)","decl":{"start":{"line":2,"column":2},"end":{"line":2,"column":3}},"loc":{"start":{"line":2,"column":9},"end":{"line":6,"column":3}},"line":2},"1":{"name":"(anonymous_1)","decl":{"start":{"line":11,"column":2},"end":{"line":11,"column":3}},"loc":{"start":{"line":11,"column":20},"end":{"line":18,"column":3}},"line":11},"2":{"name":"(anonymous_2)","decl":{"start":{"line":24,"column":2},"end":{"line":24,"column":3}},"loc":{"start":{"line":24,"column":20},"end":{"line":32,"column":3}},"line":24},"3":{"name":"(anonymous_3)","decl":{"start":{"line":37,"column":2},"end":{"line":37,"column":3}},"loc":{"start":{"line":37,"column":22},"end":{"line":52,"column":3}},"line":37},"4":{"name":"(anonymous_4)","decl":{"start":{"line":38,"column":65},"end":{"line":38,"column":66}},"loc":{"start":{"line":38,"column":74},"end":{"line":51,"column":5}},"line":38},"5":{"name":"(anonymous_5)","decl":{"start":{"line":57,"column":2},"end":{"line":57,"column":3}},"loc":{"start":{"line":57,"column":26},"end":{"line":102,"column":3}},"line":57},"6":{"name":"(anonymous_6)","decl":{"start":{"line":59,"column":41},"end":{"line":59,"column":42}},"loc":{"start":{"line":59,"column":48},"end":{"line":91,"column":5}},"line":59},"7":{"name":"(anonymous_7)","decl":{"start":{"line":94,"column":90},"end":{"line":94,"column":91}},"loc":{"start":{"line":94,"column":101},"end":{"line":101,"column":5}},"line":94},"8":{"name":"(anonymous_8)","decl":{"start":{"line":95,"column":44},"end":{"line":95,"column":45}},"loc":{"start":{"line":95,"column":51},"end":{"line":100,"column":9}},"line":95}},"branchMap":{"0":{"loc":{"start":{"line":26,"column":4},"end":{"line":31,"column":5}},"type":"if","locations":[{"start":{"line":26,"column":4},"end":{"line":31,"column":5}},{"start":{},"end":{}}],"line":26},"1":{"loc":{"start":{"line":39,"column":6},"end":{"line":43,"column":7}},"type":"if","locations":[{"start":{"line":39,"column":6},"end":{"line":43,"column":7}},{"start":{},"end":{}}],"line":39},"2":{"loc":{"start":{"line":41,"column":19},"end":{"line":41,"column":106}},"type":"cond-expr","locations":[{"start":{"line":41,"column":32},"end":{"line":41,"column":53}},{"start":{"line":41,"column":56},"end":{"line":41,"column":106}}],"line":41},"3":{"loc":{"start":{"line":46,"column":6},"end":{"line":50,"column":7}},"type":"if","locations":[{"start":{"line":46,"column":6},"end":{"line":50,"column":7}},{"start":{},"end":{}}],"line":46},"4":{"loc":{"start":{"line":46,"column":10},"end":{"line":46,"column":62}},"type":"binary-expr","locations":[{"start":{"line":46,"column":10},"end":{"line":46,"column":18}},{"start":{"line":46,"column":22},"end":{"line":46,"column":62}}],"line":46},"5":{"loc":{"start":{"line":61,"column":28},"end":{"line":61,"column":101}},"type":"binary-expr","locations":[{"start":{"line":61,"column":28},"end":{"line":61,"column":61}},{"start":{"line":61,"column":65},"end":{"line":61,"column":101}}],"line":61},"6":{"loc":{"start":{"line":64,"column":6},"end":{"line":70,"column":7}},"type":"if","locations":[{"start":{"line":64,"column":6},"end":{"line":70,"column":7}},{"start":{},"end":{}}],"line":64},"7":{"loc":{"start":{"line":64,"column":10},"end":{"line":64,"column":46}},"type":"binary-expr","locations":[{"start":{"line":64,"column":10},"end":{"line":64,"column":18}},{"start":{"line":64,"column":22},"end":{"line":64,"column":46}}],"line":64},"8":{"loc":{"start":{"line":67,"column":8},"end":{"line":69,"column":9}},"type":"if","locations":[{"start":{"line":67,"column":8},"end":{"line":69,"column":9}},{"start":{},"end":{}}],"line":67},"9":{"loc":{"start":{"line":67,"column":12},"end":{"line":67,"column":108}},"type":"binary-expr","locations":[{"start":{"line":67,"column":12},"end":{"line":67,"column":34}},{"start":{"line":67,"column":38},"end":{"line":67,"column":60}},{"start":{"line":67,"column":64},"end":{"line":67,"column":108}}],"line":67},"10":{"loc":{"start":{"line":73,"column":6},"end":{"line":78,"column":7}},"type":"if","locations":[{"start":{"line":73,"column":6},"end":{"line":78,"column":7}},{"start":{},"end":{}}],"line":73},"11":{"loc":{"start":{"line":75,"column":8},"end":{"line":77,"column":9}},"type":"if","locations":[{"start":{"line":75,"column":8},"end":{"line":77,"column":9}},{"start":{},"end":{}}],"line":75},"12":{"loc":{"start":{"line":82,"column":6},"end":{"line":90,"column":7}},"type":"if","locations":[{"start":{"line":82,"column":6},"end":{"line":90,"column":7}},{"start":{},"end":{}}],"line":82},"13":{"loc":{"start":{"line":82,"column":10},"end":{"line":82,"column":53}},"type":"binary-expr","locations":[{"start":{"line":82,"column":10},"end":{"line":82,"column":22}},{"start":{"line":82,"column":26},"end":{"line":82,"column":35}},{"start":{"line":82,"column":39},"end":{"line":82,"column":53}}],"line":82},"14":{"loc":{"start":{"line":83,"column":8},"end":{"line":89,"column":9}},"type":"if","locations":[{"start":{"line":83,"column":8},"end":{"line":89,"column":9}},{"start":{"line":86,"column":15},"end":{"line":89,"column":9}}],"line":83},"15":{"loc":{"start":{"line":86,"column":15},"end":{"line":89,"column":9}},"type":"if","locations":[{"start":{"line":86,"column":15},"end":{"line":89,"column":9}},{"start":{},"end":{}}],"line":86},"16":{"loc":{"start":{"line":96,"column":12},"end":{"line":99,"column":13}},"type":"if","locations":[{"start":{"line":96,"column":12},"end":{"line":99,"column":13}},{"start":{},"end":{}}],"line":96}},"s":{"0":0,"1":0,"2":0,"3":0,"4":0,"5":0,"6":0,"7":0,"8":0,"9":0,"10":0,"11":0,"12":0,"13":0,"14":0,"15":0,"16":0,"17":0,"18":0,"19":0,"20":0,"21":0,"22":0,"23":0,"24":0,"25":0,"26":0,"27":0,"28":0,"29":0,"30":0,"31":0,"32":0,"33":0,"34":0,"35":0,"36":0,"37":0,"38":0,"39":0,"40":0,"41":0,"42":0,"43":0,"44":0,"45":0,"46":0,"47":0},"f":{"0":0,"1":0,"2":0,"3":0,"4":0,"5":0,"6":0,"7":0,"8":0},"b":{"0":[0,0],"1":[0,0],"2":[0,0],"3":[0,0],"4":[0,0],"5":[0,0],"6":[0,0],"7":[0,0],"8":[0,0],"9":[0,0,0],"10":[0,0],"11":[0,0],"12":[0,0],"13":[0,0,0],"14":[0,0],"15":[0,0],"16":[0,0]}}
,"C:\\Users\\gilbe\\Documents\\GitHub\\Interactive-README-Generator-with-AI-Pro\\src\\modules\\analytics.js": {"path":"C:\\Users\\gilbe\\Documents\\GitHub\\Interactive-README-Generator-with-AI-Pro\\src\\modules\\analytics.js","statementMap":{"0":{"start":{"line":1,"column":18},"end":{"line":17,"column":1}},"1":{"start":{"line":9,"column":8},"end":{"line":9,"column":66}}},"fnMap":{"0":{"name":"(anonymous_0)","decl":{"start":{"line":8,"column":16},"end":{"line":8,"column":17}},"loc":{"start":{"line":8,"column":47},"end":{"line":16,"column":5}},"line":8}},"branchMap":{},"s":{"0":0,"1":0},"f":{"0":0},"b":{}}
,"C:\\Users\\gilbe\\Documents\\GitHub\\Interactive-README-Generator-with-AI-Pro\\src\\modules\\api.js": {"path":"C:\\Users\\gilbe\\Documents\\GitHub\\Interactive-README-Generator-with-AI-Pro\\src\\modules\\api.js","statementMap":{"0":{"start":{"line":1,"column":12},"end":{"line":242,"column":1}},"1":{"start":{"line":4,"column":8},"end":{"line":23,"column":9}},"2":{"start":{"line":5,"column":12},"end":{"line":5,"column":130}},"3":{"start":{"line":6,"column":12},"end":{"line":10,"column":14}},"4":{"start":{"line":11,"column":15},"end":{"line":23,"column":9}},"5":{"start":{"line":12,"column":12},"end":{"line":12,"column":63}},"6":{"start":{"line":13,"column":12},"end":{"line":20,"column":14}},"7":{"start":{"line":22,"column":12},"end":{"line":22,"column":69}},"8":{"start":{"line":25,"column":25},"end":{"line":25,"column":50}},"9":{"start":{"line":27,"column":8},"end":{"line":33,"column":9}},"10":{"start":{"line":28,"column":30},"end":{"line":28,"column":69}},"11":{"start":{"line":28,"column":65},"end":{"line":28,"column":67}},"12":{"start":{"line":29,"column":33},"end":{"line":29,"column":165}},"13":{"start":{"line":30,"column":26},"end":{"line":30,"column":49}},"14":{"start":{"line":31,"column":12},"end":{"line":31,"column":43}},"15":{"start":{"line":32,"column":12},"end":{"line":32,"column":24}},"16":{"start":{"line":35,"column":21},"end":{"line":35,"column":42}},"17":{"start":{"line":37,"column":8},"end":{"line":47,"column":9}},"18":{"start":{"line":38,"column":12},"end":{"line":40,"column":13}},"19":{"start":{"line":39,"column":16},"end":{"line":39,"column":68}},"20":{"start":{"line":41,"column":12},"end":{"line":41,"column":60}},"21":{"start":{"line":43,"column":12},"end":{"line":45,"column":13}},"22":{"start":{"line":44,"column":16},"end":{"line":44,"column":68}},"23":{"start":{"line":46,"column":12},"end":{"line":46,"column":51}},"24":{"start":{"line":51,"column":32},"end":{"line":51,"column":80}},"25":{"start":{"line":54,"column":33},"end":{"line":54,"column":113}},"26":{"start":{"line":55,"column":8},"end":{"line":58,"column":9}},"27":{"start":{"line":57,"column":12},"end":{"line":57,"column":185}},"28":{"start":{"line":60,"column":21},"end":{"line":120,"column":73}},"29":{"start":{"line":122,"column":8},"end":{"line":122,"column":22}},"30":{"start":{"line":126,"column":8},"end":{"line":128,"column":9}},"31":{"start":{"line":127,"column":12},"end":{"line":127,"column":117}},"32":{"start":{"line":130,"column":23},"end":{"line":130,"column":46}},"33":{"start":{"line":131,"column":30},"end":{"line":148,"column":9}},"34":{"start":{"line":150,"column":8},"end":{"line":150,"column":121}},"35":{"start":{"line":154,"column":24},"end":{"line":154,"column":70}},"36":{"start":{"line":155,"column":8},"end":{"line":157,"column":9}},"37":{"start":{"line":156,"column":12},"end":{"line":156,"column":57}},"38":{"start":{"line":159,"column":29},"end":{"line":167,"column":9}},"39":{"start":{"line":160,"column":29},"end":{"line":160,"column":86}},"40":{"start":{"line":161,"column":12},"end":{"line":161,"column":53}},"41":{"start":{"line":161,"column":41},"end":{"line":161,"column":53}},"42":{"start":{"line":162,"column":12},"end":{"line":165,"column":13}},"43":{"start":{"line":163,"column":34},"end":{"line":163,"column":55}},"44":{"start":{"line":164,"column":16},"end":{"line":164,"column":102}},"45":{"start":{"line":166,"column":12},"end":{"line":166,"column":35}},"46":{"start":{"line":169,"column":31},"end":{"line":173,"column":9}},"47":{"start":{"line":170,"column":25},"end":{"line":170,"column":91}},"48":{"start":{"line":171,"column":12},"end":{"line":171,"column":52}},"49":{"start":{"line":171,"column":40},"end":{"line":171,"column":52}},"50":{"start":{"line":172,"column":12},"end":{"line":172,"column":38}},"51":{"start":{"line":176,"column":25},"end":{"line":176,"column":70}},"52":{"start":{"line":177,"column":8},"end":{"line":177,"column":81}},"53":{"start":{"line":177,"column":23},"end":{"line":177,"column":81}},"54":{"start":{"line":179,"column":30},"end":{"line":184,"column":9}},"55":{"start":{"line":187,"column":21},"end":{"line":187,"column":115}},"56":{"start":{"line":188,"column":8},"end":{"line":202,"column":9}},"57":{"start":{"line":189,"column":39},"end":{"line":189,"column":210}},"58":{"start":{"line":190,"column":33},"end":{"line":190,"column":117}},"59":{"start":{"line":191,"column":30},"end":{"line":198,"column":18}},"60":{"start":{"line":192,"column":32},"end":{"line":192,"column":52}},"61":{"start":{"line":193,"column":29},"end":{"line":193,"column":38}},"62":{"start":{"line":194,"column":32},"end":{"line":194,"column":79}},"63":{"start":{"line":194,"column":58},"end":{"line":194,"column":78}},"64":{"start":{"line":196,"column":38},"end":{"line":196,"column":56}},"65":{"start":{"line":197,"column":20},"end":{"line":197,"column":127}},"66":{"start":{"line":197,"column":58},"end":{"line":197,"column":125}},"67":{"start":{"line":199,"column":12},"end":{"line":201,"column":13}},"68":{"start":{"line":200,"column":16},"end":{"line":200,"column":81}},"69":{"start":{"line":205,"column":35},"end":{"line":205,"column":71}},"70":{"start":{"line":206,"column":8},"end":{"line":225,"column":9}},"71":{"start":{"line":207,"column":12},"end":{"line":224,"column":13}},"72":{"start":{"line":208,"column":36},"end":{"line":208,"column":66}},"73":{"start":{"line":209,"column":29},"end":{"line":212,"column":17}},"74":{"start":{"line":213,"column":32},"end":{"line":213,"column":49}},"75":{"start":{"line":216,"column":35},"end":{"line":216,"column":132}},"76":{"start":{"line":216,"column":55},"end":{"line":216,"column":131}},"77":{"start":{"line":218,"column":16},"end":{"line":218,"column":91}},"78":{"start":{"line":218,"column":42},"end":{"line":218,"column":91}},"79":{"start":{"line":219,"column":16},"end":{"line":219,"column":99}},"80":{"start":{"line":219,"column":39},"end":{"line":219,"column":99}},"81":{"start":{"line":220,"column":16},"end":{"line":220,"column":54}},"82":{"start":{"line":221,"column":16},"end":{"line":221,"column":85}},"83":{"start":{"line":221,"column":41},"end":{"line":221,"column":85}},"84":{"start":{"line":223,"column":16},"end":{"line":223,"column":61}},"85":{"start":{"line":227,"column":39},"end":{"line":227,"column":79}},"86":{"start":{"line":228,"column":8},"end":{"line":236,"column":9}},"87":{"start":{"line":229,"column":25},"end":{"line":229,"column":148}},"88":{"start":{"line":229,"column":75},"end":{"line":229,"column":104}},"89":{"start":{"line":229,"column":118},"end":{"line":229,"column":147}},"90":{"start":{"line":230,"column":32},"end":{"line":230,"column":99}},"91":{"start":{"line":231,"column":12},"end":{"line":231,"column":83}},"92":{"start":{"line":232,"column":12},"end":{"line":232,"column":50}},"93":{"start":{"line":233,"column":12},"end":{"line":235,"column":13}},"94":{"start":{"line":234,"column":16},"end":{"line":234,"column":54}},"95":{"start":{"line":240,"column":8},"end":{"line":240,"column":29}},"96":{"start":{"line":244,"column":0},"end":{"line":246,"column":1}},"97":{"start":{"line":245,"column":4},"end":{"line":245,"column":29}}},"fnMap":{"0":{"name":"(anonymous_0)","decl":{"start":{"line":2,"column":15},"end":{"line":2,"column":16}},"loc":{"start":{"line":2,"column":56},"end":{"line":48,"column":5}},"line":2},"1":{"name":"(anonymous_1)","decl":{"start":{"line":28,"column":58},"end":{"line":28,"column":59}},"loc":{"start":{"line":28,"column":65},"end":{"line":28,"column":67}},"line":28},"2":{"name":"(anonymous_2)","decl":{"start":{"line":50,"column":18},"end":{"line":50,"column":19}},"loc":{"start":{"line":50,"column":33},"end":{"line":123,"column":5}},"line":50},"3":{"name":"(anonymous_3)","decl":{"start":{"line":125,"column":24},"end":{"line":125,"column":25}},"loc":{"start":{"line":125,"column":50},"end":{"line":151,"column":5}},"line":125},"4":{"name":"(anonymous_4)","decl":{"start":{"line":153,"column":23},"end":{"line":153,"column":24}},"loc":{"start":{"line":153,"column":58},"end":{"line":241,"column":5}},"line":153},"5":{"name":"(anonymous_5)","decl":{"start":{"line":159,"column":29},"end":{"line":159,"column":30}},"loc":{"start":{"line":159,"column":45},"end":{"line":167,"column":9}},"line":159},"6":{"name":"(anonymous_6)","decl":{"start":{"line":169,"column":31},"end":{"line":169,"column":32}},"loc":{"start":{"line":169,"column":51},"end":{"line":173,"column":9}},"line":169},"7":{"name":"(anonymous_7)","decl":{"start":{"line":192,"column":24},"end":{"line":192,"column":25}},"loc":{"start":{"line":192,"column":32},"end":{"line":192,"column":52}},"line":192},"8":{"name":"(anonymous_8)","decl":{"start":{"line":193,"column":21},"end":{"line":193,"column":22}},"loc":{"start":{"line":193,"column":29},"end":{"line":193,"column":38}},"line":193},"9":{"name":"(anonymous_9)","decl":{"start":{"line":194,"column":24},"end":{"line":194,"column":25}},"loc":{"start":{"line":194,"column":32},"end":{"line":194,"column":79}},"line":194},"10":{"name":"(anonymous_10)","decl":{"start":{"line":194,"column":51},"end":{"line":194,"column":52}},"loc":{"start":{"line":194,"column":58},"end":{"line":194,"column":78}},"line":194},"11":{"name":"(anonymous_11)","decl":{"start":{"line":195,"column":24},"end":{"line":195,"column":25}},"loc":{"start":{"line":195,"column":32},"end":{"line":198,"column":17}},"line":195},"12":{"name":"(anonymous_12)","decl":{"start":{"line":197,"column":51},"end":{"line":197,"column":52}},"loc":{"start":{"line":197,"column":58},"end":{"line":197,"column":125}},"line":197},"13":{"name":"(anonymous_13)","decl":{"start":{"line":216,"column":50},"end":{"line":216,"column":51}},"loc":{"start":{"line":216,"column":55},"end":{"line":216,"column":131}},"line":216},"14":{"name":"(anonymous_14)","decl":{"start":{"line":229,"column":67},"end":{"line":229,"column":68}},"loc":{"start":{"line":229,"column":75},"end":{"line":229,"column":104}},"line":229},"15":{"name":"(anonymous_15)","decl":{"start":{"line":229,"column":110},"end":{"line":229,"column":111}},"loc":{"start":{"line":229,"column":118},"end":{"line":229,"column":147}},"line":229}},"branchMap":{"0":{"loc":{"start":{"line":4,"column":8},"end":{"line":23,"column":9}},"type":"if","locations":[{"start":{"line":4,"column":8},"end":{"line":23,"column":9}},{"start":{"line":11,"column":15},"end":{"line":23,"column":9}}],"line":4},"1":{"loc":{"start":{"line":11,"column":15},"end":{"line":23,"column":9}},"type":"if","locations":[{"start":{"line":11,"column":15},"end":{"line":23,"column":9}},{"start":{"line":21,"column":15},"end":{"line":23,"column":9}}],"line":11},"2":{"loc":{"start":{"line":27,"column":8},"end":{"line":33,"column":9}},"type":"if","locations":[{"start":{"line":27,"column":8},"end":{"line":33,"column":9}},{"start":{},"end":{}}],"line":27},"3":{"loc":{"start":{"line":29,"column":33},"end":{"line":29,"column":165}},"type":"binary-expr","locations":[{"start":{"line":29,"column":34},"end":{"line":29,"column":109}},{"start":{"line":29,"column":114},"end":{"line":29,"column":165}}],"line":29},"4":{"loc":{"start":{"line":29,"column":34},"end":{"line":29,"column":109}},"type":"cond-expr","locations":[{"start":{"line":29,"column":58},"end":{"line":29,"column":82}},{"start":{"line":29,"column":85},"end":{"line":29,"column":109}}],"line":29},"5":{"loc":{"start":{"line":37,"column":8},"end":{"line":47,"column":9}},"type":"if","locations":[{"start":{"line":37,"column":8},"end":{"line":47,"column":9}},{"start":{"line":42,"column":15},"end":{"line":47,"column":9}}],"line":37},"6":{"loc":{"start":{"line":38,"column":12},"end":{"line":40,"column":13}},"type":"if","locations":[{"start":{"line":38,"column":12},"end":{"line":40,"column":13}},{"start":{},"end":{}}],"line":38},"7":{"loc":{"start":{"line":38,"column":16},"end":{"line":38,"column":86}},"type":"binary-expr","locations":[{"start":{"line":38,"column":16},"end":{"line":38,"column":32}},{"start":{"line":38,"column":36},"end":{"line":38,"column":55}},{"start":{"line":38,"column":59},"end":{"line":38,"column":86}}],"line":38},"8":{"loc":{"start":{"line":43,"column":12},"end":{"line":45,"column":13}},"type":"if","locations":[{"start":{"line":43,"column":12},"end":{"line":45,"column":13}},{"start":{},"end":{}}],"line":43},"9":{"loc":{"start":{"line":43,"column":16},"end":{"line":43,"column":77}},"type":"binary-expr","locations":[{"start":{"line":43,"column":16},"end":{"line":43,"column":29}},{"start":{"line":43,"column":33},"end":{"line":43,"column":49}},{"start":{"line":43,"column":53},"end":{"line":43,"column":77}}],"line":43},"10":{"loc":{"start":{"line":55,"column":8},"end":{"line":58,"column":9}},"type":"if","locations":[{"start":{"line":55,"column":8},"end":{"line":58,"column":9}},{"start":{},"end":{}}],"line":55},"11":{"loc":{"start":{"line":64,"column":2},"end":{"line":66,"column":27}},"type":"cond-expr","locations":[{"start":{"line":64,"column":23},"end":{"line":66,"column":22}},{"start":{"line":66,"column":25},"end":{"line":66,"column":27}}],"line":64},"12":{"loc":{"start":{"line":82,"column":2},"end":{"line":82,"column":58}},"type":"cond-expr","locations":[{"start":{"line":82,"column":24},"end":{"line":82,"column":53}},{"start":{"line":82,"column":56},"end":{"line":82,"column":58}}],"line":82},"13":{"loc":{"start":{"line":83,"column":2},"end":{"line":83,"column":62}},"type":"cond-expr","locations":[{"start":{"line":83,"column":22},"end":{"line":83,"column":57}},{"start":{"line":83,"column":60},"end":{"line":83,"column":62}}],"line":83},"14":{"loc":{"start":{"line":84,"column":2},"end":{"line":84,"column":46}},"type":"cond-expr","locations":[{"start":{"line":84,"column":20},"end":{"line":84,"column":41}},{"start":{"line":84,"column":44},"end":{"line":84,"column":46}}],"line":84},"15":{"loc":{"start":{"line":85,"column":2},"end":{"line":85,"column":56}},"type":"cond-expr","locations":[{"start":{"line":85,"column":24},"end":{"line":85,"column":51}},{"start":{"line":85,"column":54},"end":{"line":85,"column":56}}],"line":85},"16":{"loc":{"start":{"line":88,"column":2},"end":{"line":102,"column":6}},"type":"cond-expr","locations":[{"start":{"line":88,"column":20},"end":{"line":102,"column":1}},{"start":{"line":102,"column":4},"end":{"line":102,"column":6}}],"line":88},"17":{"loc":{"start":{"line":118,"column":2},"end":{"line":118,"column":107}},"type":"cond-expr","locations":[{"start":{"line":118,"column":20},"end":{"line":118,"column":102}},{"start":{"line":118,"column":105},"end":{"line":118,"column":107}}],"line":118},"18":{"loc":{"start":{"line":126,"column":8},"end":{"line":128,"column":9}},"type":"if","locations":[{"start":{"line":126,"column":8},"end":{"line":128,"column":9}},{"start":{},"end":{}}],"line":126},"19":{"loc":{"start":{"line":126,"column":12},"end":{"line":126,"column":57}},"type":"binary-expr","locations":[{"start":{"line":126,"column":12},"end":{"line":126,"column":18}},{"start":{"line":126,"column":22},"end":{"line":126,"column":57}}],"line":126},"20":{"loc":{"start":{"line":127,"column":19},"end":{"line":127,"column":116}},"type":"binary-expr","locations":[{"start":{"line":127,"column":19},"end":{"line":127,"column":32}},{"start":{"line":127,"column":36},"end":{"line":127,"column":116}}],"line":127},"21":{"loc":{"start":{"line":150,"column":15},"end":{"line":150,"column":120}},"type":"binary-expr","locations":[{"start":{"line":150,"column":15},"end":{"line":150,"column":48}},{"start":{"line":150,"column":52},"end":{"line":150,"column":65}},{"start":{"line":150,"column":69},"end":{"line":150,"column":120}}],"line":150},"22":{"loc":{"start":{"line":155,"column":8},"end":{"line":157,"column":9}},"type":"if","locations":[{"start":{"line":155,"column":8},"end":{"line":157,"column":9}},{"start":{},"end":{}}],"line":155},"23":{"loc":{"start":{"line":161,"column":12},"end":{"line":161,"column":53}},"type":"if","locations":[{"start":{"line":161,"column":12},"end":{"line":161,"column":53}},{"start":{},"end":{}}],"line":161},"24":{"loc":{"start":{"line":162,"column":12},"end":{"line":165,"column":13}},"type":"if","locations":[{"start":{"line":162,"column":12},"end":{"line":165,"column":13}},{"start":{},"end":{}}],"line":162},"25":{"loc":{"start":{"line":164,"column":32},"end":{"line":164,"column":100}},"type":"binary-expr","locations":[{"start":{"line":164,"column":32},"end":{"line":164,"column":49}},{"start":{"line":164,"column":53},"end":{"line":164,"column":100}}],"line":164},"26":{"loc":{"start":{"line":171,"column":12},"end":{"line":171,"column":52}},"type":"if","locations":[{"start":{"line":171,"column":12},"end":{"line":171,"column":52}},{"start":{},"end":{}}],"line":171},"27":{"loc":{"start":{"line":171,"column":16},"end":{"line":171,"column":38}},"type":"binary-expr","locations":[{"start":{"line":171,"column":16},"end":{"line":171,"column":21}},{"start":{"line":171,"column":25},"end":{"line":171,"column":38}}],"line":171},"28":{"loc":{"start":{"line":177,"column":8},"end":{"line":177,"column":81}},"type":"if","locations":[{"start":{"line":177,"column":8},"end":{"line":177,"column":81}},{"start":{},"end":{}}],"line":177},"29":{"loc":{"start":{"line":181,"column":25},"end":{"line":181,"column":51}},"type":"binary-expr","locations":[{"start":{"line":181,"column":25},"end":{"line":181,"column":45}},{"start":{"line":181,"column":49},"end":{"line":181,"column":51}}],"line":181},"30":{"loc":{"start":{"line":182,"column":26},"end":{"line":182,"column":90}},"type":"cond-expr","locations":[{"start":{"line":182,"column":46},"end":{"line":182,"column":77}},{"start":{"line":182,"column":80},"end":{"line":182,"column":90}}],"line":182},"31":{"loc":{"start":{"line":183,"column":20},"end":{"line":183,"column":47}},"type":"binary-expr","locations":[{"start":{"line":183,"column":20},"end":{"line":183,"column":41}},{"start":{"line":183,"column":45},"end":{"line":183,"column":47}}],"line":183},"32":{"loc":{"start":{"line":188,"column":8},"end":{"line":202,"column":9}},"type":"if","locations":[{"start":{"line":188,"column":8},"end":{"line":202,"column":9}},{"start":{},"end":{}}],"line":188},"33":{"loc":{"start":{"line":188,"column":12},"end":{"line":188,"column":29}},"type":"binary-expr","locations":[{"start":{"line":188,"column":12},"end":{"line":188,"column":16}},{"start":{"line":188,"column":20},"end":{"line":188,"column":29}}],"line":188},"34":{"loc":{"start":{"line":197,"column":58},"end":{"line":197,"column":125}},"type":"binary-expr","locations":[{"start":{"line":197,"column":58},"end":{"line":197,"column":81}},{"start":{"line":197,"column":85},"end":{"line":197,"column":125}}],"line":197},"35":{"loc":{"start":{"line":199,"column":12},"end":{"line":201,"column":13}},"type":"if","locations":[{"start":{"line":199,"column":12},"end":{"line":201,"column":13}},{"start":{},"end":{}}],"line":199},"36":{"loc":{"start":{"line":206,"column":8},"end":{"line":225,"column":9}},"type":"if","locations":[{"start":{"line":206,"column":8},"end":{"line":225,"column":9}},{"start":{},"end":{}}],"line":206},"37":{"loc":{"start":{"line":218,"column":16},"end":{"line":218,"column":91}},"type":"if","locations":[{"start":{"line":218,"column":16},"end":{"line":218,"column":91}},{"start":{},"end":{}}],"line":218},"38":{"loc":{"start":{"line":219,"column":16},"end":{"line":219,"column":99}},"type":"if","locations":[{"start":{"line":219,"column":16},"end":{"line":219,"column":99}},{"start":{},"end":{}}],"line":219},"39":{"loc":{"start":{"line":221,"column":16},"end":{"line":221,"column":85}},"type":"if","locations":[{"start":{"line":221,"column":16},"end":{"line":221,"column":85}},{"start":{},"end":{}}],"line":221},"40":{"loc":{"start":{"line":228,"column":8},"end":{"line":236,"column":9}},"type":"if","locations":[{"start":{"line":228,"column":8},"end":{"line":236,"column":9}},{"start":{},"end":{}}],"line":228},"41":{"loc":{"start":{"line":229,"column":75},"end":{"line":229,"column":104}},"type":"binary-expr","locations":[{"start":{"line":229,"column":75},"end":{"line":229,"column":79}},{"start":{"line":229,"column":83},"end":{"line":229,"column":104}}],"line":229},"42":{"loc":{"start":{"line":230,"column":32},"end":{"line":230,"column":99}},"type":"cond-expr","locations":[{"start":{"line":230,"column":61},"end":{"line":230,"column":94}},{"start":{"line":230,"column":97},"end":{"line":230,"column":99}}],"line":230},"43":{"loc":{"start":{"line":233,"column":12},"end":{"line":235,"column":13}},"type":"if","locations":[{"start":{"line":233,"column":12},"end":{"line":235,"column":13}},{"start":{},"end":{}}],"line":233},"44":{"loc":{"start":{"line":233,"column":16},"end":{"line":233,"column":88}},"type":"binary-expr","locations":[{"start":{"line":233,"column":16},"end":{"line":233,"column":43}},{"start":{"line":233,"column":47},"end":{"line":233,"column":88}}],"line":233},"45":{"loc":{"start":{"line":244,"column":0},"end":{"line":246,"column":1}},"type":"if","locations":[{"start":{"line":244,"column":0},"end":{"line":246,"column":1}},{"start":{},"end":{}}],"line":244},"46":{"loc":{"start":{"line":244,"column":4},"end":{"line":244,"column":51}},"type":"binary-expr","locations":[{"start":{"line":244,"column":4},"end":{"line":244,"column":33}},{"start":{"line":244,"column":37},"end":{"line":244,"column":51}}],"line":244}},"s":{"0":1,"1":3,"2":1,"3":1,"4":2,"5":2,"6":2,"7":0,"8":3,"9":3,"10":1,"11":0,"12":1,"13":1,"14":1,"15":1,"16":2,"17":2,"18":1,"19":0,"20":1,"21":1,"22":0,"23":1,"24":2,"25":2,"26":2,"27":0,"28":2,"29":2,"30":0,"31":0,"32":0,"33":0,"34":0,"35":0,"36":0,"37":0,"38":0,"39":0,"40":0,"41":0,"42":0,"43":0,"44":0,"45":0,"46":0,"47":0,"48":0,"49":0,"50":0,"51":0,"52":0,"53":0,"54":0,"55":0,"56":0,"57":0,"58":0,"59":0,"60":0,"61":0,"62":0,"63":0,"64":0,"65":0,"66":0,"67":0,"68":0,"69":0,"70":0,"71":0,"72":0,"73":0,"74":0,"75":0,"76":0,"77":0,"78":0,"79":0,"80":0,"81":0,"82":0,"83":0,"84":0,"85":0,"86":0,"87":0,"88":0,"89":0,"90":0,"91":0,"92":0,"93":0,"94":0,"95":0,"96":1,"97":1},"f":{"0":3,"1":0,"2":2,"3":0,"4":0,"5":0,"6":0,"7":0,"8":0,"9":0,"10":0,"11":0,"12":0,"13":0,"14":0,"15":0},"b":{"0":[1,2],"1":[2,0],"2":[1,2],"3":[1,0],"4":[0,1],"5":[1,1],"6":[0,1],"7":[1,1,1],"8":[0,1],"9":[1,1,1],"10":[0,2],"11":[0,2],"12":[0,2],"13":[0,2],"14":[0,2],"15":[0,2],"16":[1,1],"17":[1,1],"18":[0,0],"19":[0,0],"20":[0,0],"21":[0,0,0],"22":[0,0],"23":[0,0],"24":[0,0],"25":[0,0],"26":[0,0],"27":[0,0],"28":[0,0],"29":[0,0],"30":[0,0],"31":[0,0],"32":[0,0],"33":[0,0],"34":[0,0],"35":[0,0],"36":[0,0],"37":[0,0],"38":[0,0],"39":[0,0],"40":[0,0],"41":[0,0],"42":[0,0],"43":[0,0],"44":[0,0],"45":[1,0],"46":[1,1]},"_coverageSchema":"1a1c01bbd47fc00a2c39e90264f33305004495a9","hash":"4ffc5f6bb86eb8d3e26b96489b1a50d76f903058"}
,"C:\\Users\\gilbe\\Documents\\GitHub\\Interactive-README-Generator-with-AI-Pro\\src\\modules\\app.js": {"path":"C:\\Users\\gilbe\\Documents\\GitHub\\Interactive-README-Generator-with-AI-Pro\\src\\modules\\app.js","statementMap":{"0":{"start":{"line":7,"column":0},"end":{"line":13,"column":3}},"1":{"start":{"line":8,"column":4},"end":{"line":8,"column":64}},"2":{"start":{"line":10,"column":4},"end":{"line":12,"column":5}},"3":{"start":{"line":11,"column":8},"end":{"line":11,"column":110}},"4":{"start":{"line":15,"column":0},"end":{"line":20,"column":3}},"5":{"start":{"line":16,"column":4},"end":{"line":16,"column":48}},"6":{"start":{"line":17,"column":4},"end":{"line":19,"column":5}},"7":{"start":{"line":18,"column":8},"end":{"line":18,"column":92}},"8":{"start":{"line":22,"column":24},"end":{"line":332,"column":1}},"9":{"start":{"line":43,"column":30},"end":{"line":43,"column":71}},"10":{"start":{"line":46,"column":8},"end":{"line":46,"column":90}},"11":{"start":{"line":49,"column":8},"end":{"line":54,"column":11}},"12":{"start":{"line":50,"column":31},"end":{"line":50,"column":52}},"13":{"start":{"line":52,"column":12},"end":{"line":52,"column":80}},"14":{"start":{"line":53,"column":12},"end":{"line":53,"column":73}},"15":{"start":{"line":56,"column":8},"end":{"line":56,"column":32}},"16":{"start":{"line":57,"column":8},"end":{"line":57,"column":28}},"17":{"start":{"line":58,"column":8},"end":{"line":58,"column":35}},"18":{"start":{"line":61,"column":8},"end":{"line":63,"column":11}},"19":{"start":{"line":62,"column":12},"end":{"line":62,"column":111}},"20":{"start":{"line":65,"column":32},"end":{"line":68,"column":15}},"21":{"start":{"line":66,"column":12},"end":{"line":66,"column":37}},"22":{"start":{"line":67,"column":12},"end":{"line":67,"column":40}},"23":{"start":{"line":69,"column":8},"end":{"line":73,"column":11}},"24":{"start":{"line":70,"column":12},"end":{"line":72,"column":13}},"25":{"start":{"line":71,"column":16},"end":{"line":71,"column":34}},"26":{"start":{"line":75,"column":8},"end":{"line":75,"column":109}},"27":{"start":{"line":75,"column":80},"end":{"line":75,"column":107}},"28":{"start":{"line":76,"column":8},"end":{"line":76,"column":113}},"29":{"start":{"line":76,"column":80},"end":{"line":76,"column":111}},"30":{"start":{"line":77,"column":8},"end":{"line":77,"column":116}},"31":{"start":{"line":77,"column":82},"end":{"line":77,"column":114}},"32":{"start":{"line":80,"column":8},"end":{"line":86,"column":11}},"33":{"start":{"line":81,"column":12},"end":{"line":85,"column":13}},"34":{"start":{"line":82,"column":16},"end":{"line":82,"column":38}},"35":{"start":{"line":84,"column":16},"end":{"line":84,"column":39}},"36":{"start":{"line":89,"column":8},"end":{"line":89,"column":33}},"37":{"start":{"line":90,"column":8},"end":{"line":90,"column":37}},"38":{"start":{"line":91,"column":8},"end":{"line":91,"column":51}},"39":{"start":{"line":92,"column":8},"end":{"line":92,"column":36}},"40":{"start":{"line":93,"column":8},"end":{"line":93,"column":49}},"41":{"start":{"line":94,"column":8},"end":{"line":94,"column":36}},"42":{"start":{"line":96,"column":8},"end":{"line":96,"column":48}},"43":{"start":{"line":104,"column":12},"end":{"line":108,"column":13}},"44":{"start":{"line":105,"column":16},"end":{"line":107,"column":17}},"45":{"start":{"line":106,"column":20},"end":{"line":106,"column":87}},"46":{"start":{"line":112,"column":12},"end":{"line":114,"column":13}},"47":{"start":{"line":113,"column":16},"end":{"line":113,"column":83}},"48":{"start":{"line":118,"column":28},"end":{"line":118,"column":81}},"49":{"start":{"line":119,"column":26},"end":{"line":119,"column":75}},"50":{"start":{"line":121,"column":12},"end":{"line":124,"column":13}},"51":{"start":{"line":122,"column":16},"end":{"line":122,"column":86}},"52":{"start":{"line":123,"column":16},"end":{"line":123,"column":23}},"53":{"start":{"line":127,"column":12},"end":{"line":136,"column":13}},"54":{"start":{"line":128,"column":28},"end":{"line":128,"column":44}},"55":{"start":{"line":129,"column":16},"end":{"line":131,"column":17}},"56":{"start":{"line":130,"column":20},"end":{"line":130,"column":38}},"57":{"start":{"line":132,"column":16},"end":{"line":132,"column":81}},"58":{"start":{"line":134,"column":16},"end":{"line":134,"column":143}},"59":{"start":{"line":135,"column":16},"end":{"line":135,"column":23}},"60":{"start":{"line":138,"column":12},"end":{"line":141,"column":13}},"61":{"start":{"line":139,"column":16},"end":{"line":139,"column":126}},"62":{"start":{"line":140,"column":16},"end":{"line":140,"column":23}},"63":{"start":{"line":143,"column":31},"end":{"line":143,"column":72}},"64":{"start":{"line":144,"column":12},"end":{"line":144,"column":39}},"65":{"start":{"line":145,"column":12},"end":{"line":145,"column":52}},"66":{"start":{"line":146,"column":12},"end":{"line":146,"column":80}},"67":{"start":{"line":148,"column":12},"end":{"line":160,"column":13}},"68":{"start":{"line":149,"column":33},"end":{"line":149,"column":96}},"69":{"start":{"line":150,"column":16},"end":{"line":150,"column":61}},"70":{"start":{"line":151,"column":16},"end":{"line":151,"column":99}},"71":{"start":{"line":152,"column":16},"end":{"line":152,"column":104}},"72":{"start":{"line":153,"column":16},"end":{"line":153,"column":71}},"73":{"start":{"line":153,"column":33},"end":{"line":153,"column":63}},"74":{"start":{"line":155,"column":16},"end":{"line":155,"column":62}},"75":{"start":{"line":156,"column":16},"end":{"line":156,"column":138}},"76":{"start":{"line":158,"column":16},"end":{"line":158,"column":44}},"77":{"start":{"line":159,"column":16},"end":{"line":159,"column":62}},"78":{"start":{"line":164,"column":12},"end":{"line":164,"column":60}},"79":{"start":{"line":164,"column":53},"end":{"line":164,"column":60}},"80":{"start":{"line":166,"column":37},"end":{"line":166,"column":74}},"81":{"start":{"line":167,"column":26},"end":{"line":167,"column":48}},"82":{"start":{"line":169,"column":12},"end":{"line":176,"column":13}},"83":{"start":{"line":170,"column":16},"end":{"line":170,"column":83}},"84":{"start":{"line":171,"column":16},"end":{"line":175,"column":17}},"85":{"start":{"line":172,"column":20},"end":{"line":172,"column":100}},"86":{"start":{"line":173,"column":20},"end":{"line":173,"column":72}},"87":{"start":{"line":174,"column":20},"end":{"line":174,"column":27}},"88":{"start":{"line":177,"column":12},"end":{"line":177,"column":62}},"89":{"start":{"line":179,"column":28},"end":{"line":179,"column":62}},"90":{"start":{"line":180,"column":32},"end":{"line":180,"column":70}},"91":{"start":{"line":182,"column":12},"end":{"line":182,"column":155}},"92":{"start":{"line":183,"column":12},"end":{"line":183,"column":52}},"93":{"start":{"line":184,"column":12},"end":{"line":184,"column":45}},"94":{"start":{"line":186,"column":12},"end":{"line":199,"column":13}},"95":{"start":{"line":187,"column":31},"end":{"line":187,"column":99}},"96":{"start":{"line":188,"column":31},"end":{"line":188,"column":165}},"97":{"start":{"line":190,"column":16},"end":{"line":190,"column":63}},"98":{"start":{"line":191,"column":16},"end":{"line":191,"column":57}},"99":{"start":{"line":194,"column":16},"end":{"line":194,"column":67}},"100":{"start":{"line":195,"column":16},"end":{"line":195,"column":88}},"101":{"start":{"line":196,"column":16},"end":{"line":196,"column":140}},"102":{"start":{"line":197,"column":16},"end":{"line":197,"column":59}},"103":{"start":{"line":198,"column":16},"end":{"line":198,"column":50}},"104":{"start":{"line":207,"column":12},"end":{"line":207,"column":60}},"105":{"start":{"line":207,"column":53},"end":{"line":207,"column":60}},"106":{"start":{"line":209,"column":37},"end":{"line":209,"column":83}},"107":{"start":{"line":210,"column":38},"end":{"line":210,"column":89}},"108":{"start":{"line":212,"column":30},"end":{"line":212,"column":66}},"109":{"start":{"line":213,"column":12},"end":{"line":213,"column":52}},"110":{"start":{"line":214,"column":12},"end":{"line":214,"column":38}},"111":{"start":{"line":216,"column":12},"end":{"line":243,"column":13}},"112":{"start":{"line":218,"column":38},"end":{"line":218,"column":111}},"113":{"start":{"line":219,"column":31},"end":{"line":219,"column":78}},"114":{"start":{"line":220,"column":40},"end":{"line":220,"column":145}},"115":{"start":{"line":223,"column":16},"end":{"line":223,"column":54}},"116":{"start":{"line":226,"column":35},"end":{"line":226,"column":72}},"117":{"start":{"line":227,"column":35},"end":{"line":227,"column":72}},"118":{"start":{"line":229,"column":16},"end":{"line":229,"column":139}},"119":{"start":{"line":230,"column":16},"end":{"line":230,"column":97}},"120":{"start":{"line":231,"column":16},"end":{"line":231,"column":71}},"121":{"start":{"line":233,"column":16},"end":{"line":233,"column":140}},"122":{"start":{"line":234,"column":16},"end":{"line":234,"column":75}},"123":{"start":{"line":237,"column":16},"end":{"line":237,"column":56}},"124":{"start":{"line":238,"column":16},"end":{"line":238,"column":111}},"125":{"start":{"line":240,"column":42},"end":{"line":240,"column":94}},"126":{"start":{"line":241,"column":16},"end":{"line":241,"column":79}},"127":{"start":{"line":242,"column":16},"end":{"line":242,"column":43}},"128":{"start":{"line":247,"column":12},"end":{"line":247,"column":50}},"129":{"start":{"line":248,"column":12},"end":{"line":248,"column":55}},"130":{"start":{"line":249,"column":12},"end":{"line":249,"column":54}},"131":{"start":{"line":250,"column":12},"end":{"line":250,"column":61}},"132":{"start":{"line":252,"column":12},"end":{"line":258,"column":15}},"133":{"start":{"line":253,"column":16},"end":{"line":257,"column":17}},"134":{"start":{"line":254,"column":20},"end":{"line":254,"column":108}},"135":{"start":{"line":255,"column":23},"end":{"line":257,"column":17}},"136":{"start":{"line":256,"column":20},"end":{"line":256,"column":37}},"137":{"start":{"line":260,"column":12},"end":{"line":260,"column":60}},"138":{"start":{"line":262,"column":12},"end":{"line":262,"column":69}},"139":{"start":{"line":263,"column":12},"end":{"line":263,"column":73}},"140":{"start":{"line":264,"column":12},"end":{"line":264,"column":43}},"141":{"start":{"line":265,"column":12},"end":{"line":265,"column":43}},"142":{"start":{"line":269,"column":12},"end":{"line":291,"column":13}},"143":{"start":{"line":270,"column":16},"end":{"line":270,"column":50}},"144":{"start":{"line":271,"column":36},"end":{"line":271,"column":69}},"145":{"start":{"line":272,"column":16},"end":{"line":290,"column":17}},"146":{"start":{"line":273,"column":20},"end":{"line":273,"column":74}},"147":{"start":{"line":273,"column":49},"end":{"line":273,"column":72}},"148":{"start":{"line":275,"column":45},"end":{"line":275,"column":62}},"149":{"start":{"line":276,"column":39},"end":{"line":276,"column":87}},"150":{"start":{"line":277,"column":33},"end":{"line":277,"column":55}},"151":{"start":{"line":279,"column":20},"end":{"line":279,"column":61}},"152":{"start":{"line":281,"column":20},"end":{"line":281,"column":51}},"153":{"start":{"line":282,"column":20},"end":{"line":282,"column":135}},"154":{"start":{"line":284,"column":20},"end":{"line":284,"column":114}},"155":{"start":{"line":286,"column":20},"end":{"line":286,"column":80}},"156":{"start":{"line":287,"column":20},"end":{"line":287,"column":96}},"157":{"start":{"line":289,"column":20},"end":{"line":289,"column":54}},"158":{"start":{"line":297,"column":21},"end":{"line":297,"column":25}},"159":{"start":{"line":298,"column":23},"end":{"line":298,"column":69}},"160":{"start":{"line":299,"column":8},"end":{"line":303,"column":9}},"161":{"start":{"line":300,"column":12},"end":{"line":300,"column":90}},"162":{"start":{"line":301,"column":12},"end":{"line":301,"column":32}},"163":{"start":{"line":302,"column":12},"end":{"line":302,"column":19}},"164":{"start":{"line":304,"column":8},"end":{"line":304,"column":49}},"165":{"start":{"line":306,"column":21},"end":{"line":306,"column":49}},"166":{"start":{"line":307,"column":8},"end":{"line":307,"column":39}},"167":{"start":{"line":310,"column":8},"end":{"line":314,"column":11}},"168":{"start":{"line":316,"column":8},"end":{"line":316,"column":35}},"169":{"start":{"line":318,"column":8},"end":{"line":330,"column":9}},"170":{"start":{"line":319,"column":27},"end":{"line":319,"column":54}},"171":{"start":{"line":320,"column":27},"end":{"line":320,"column":85}},"172":{"start":{"line":322,"column":12},"end":{"line":322,"column":48}},"173":{"start":{"line":323,"column":12},"end":{"line":323,"column":42}},"174":{"start":{"line":326,"column":12},"end":{"line":326,"column":61}},"175":{"start":{"line":327,"column":12},"end":{"line":327,"column":84}},"176":{"start":{"line":329,"column":12},"end":{"line":329,"column":36}},"177":{"start":{"line":334,"column":0},"end":{"line":336,"column":3}},"178":{"start":{"line":335,"column":4},"end":{"line":335,"column":27}}},"fnMap":{"0":{"name":"(anonymous_0)","decl":{"start":{"line":7,"column":46},"end":{"line":7,"column":47}},"loc":{"start":{"line":7,"column":57},"end":{"line":13,"column":1}},"line":7},"1":{"name":"(anonymous_1)","decl":{"start":{"line":15,"column":33},"end":{"line":15,"column":34}},"loc":{"start":{"line":15,"column":44},"end":{"line":20,"column":1}},"line":15},"2":{"name":"(anonymous_2)","decl":{"start":{"line":41,"column":10},"end":{"line":41,"column":11}},"loc":{"start":{"line":41,"column":27},"end":{"line":97,"column":5}},"line":41},"3":{"name":"(anonymous_3)","decl":{"start":{"line":49,"column":49},"end":{"line":49,"column":50}},"loc":{"start":{"line":49,"column":55},"end":{"line":54,"column":9}},"line":49},"4":{"name":"(anonymous_4)","decl":{"start":{"line":61,"column":67},"end":{"line":61,"column":68}},"loc":{"start":{"line":61,"column":74},"end":{"line":63,"column":9}},"line":61},"5":{"name":"(anonymous_5)","decl":{"start":{"line":65,"column":47},"end":{"line":65,"column":48}},"loc":{"start":{"line":65,"column":53},"end":{"line":68,"column":9}},"line":65},"6":{"name":"(anonymous_6)","decl":{"start":{"line":69,"column":72},"end":{"line":69,"column":73}},"loc":{"start":{"line":69,"column":79},"end":{"line":73,"column":9}},"line":69},"7":{"name":"(anonymous_7)","decl":{"start":{"line":75,"column":74},"end":{"line":75,"column":75}},"loc":{"start":{"line":75,"column":80},"end":{"line":75,"column":107}},"line":75},"8":{"name":"(anonymous_8)","decl":{"start":{"line":76,"column":74},"end":{"line":76,"column":75}},"loc":{"start":{"line":76,"column":80},"end":{"line":76,"column":111}},"line":76},"9":{"name":"(anonymous_9)","decl":{"start":{"line":77,"column":76},"end":{"line":77,"column":77}},"loc":{"start":{"line":77,"column":82},"end":{"line":77,"column":114}},"line":77},"10":{"name":"(anonymous_10)","decl":{"start":{"line":80,"column":69},"end":{"line":80,"column":70}},"loc":{"start":{"line":80,"column":75},"end":{"line":86,"column":9}},"line":80},"11":{"name":"(anonymous_11)","decl":{"start":{"line":103,"column":18},"end":{"line":103,"column":19}},"loc":{"start":{"line":103,"column":29},"end":{"line":109,"column":9}},"line":103},"12":{"name":"(anonymous_12)","decl":{"start":{"line":111,"column":22},"end":{"line":111,"column":23}},"loc":{"start":{"line":111,"column":33},"end":{"line":115,"column":9}},"line":111},"13":{"name":"(anonymous_13)","decl":{"start":{"line":117,"column":28},"end":{"line":117,"column":29}},"loc":{"start":{"line":117,"column":45},"end":{"line":161,"column":9}},"line":117},"14":{"name":"(anonymous_14)","decl":{"start":{"line":153,"column":27},"end":{"line":153,"column":28}},"loc":{"start":{"line":153,"column":33},"end":{"line":153,"column":63}},"line":153},"15":{"name":"(anonymous_15)","decl":{"start":{"line":163,"column":33},"end":{"line":163,"column":34}},"loc":{"start":{"line":163,"column":50},"end":{"line":200,"column":9}},"line":163},"16":{"name":"(anonymous_16)","decl":{"start":{"line":206,"column":19},"end":{"line":206,"column":20}},"loc":{"start":{"line":206,"column":36},"end":{"line":244,"column":9}},"line":206},"17":{"name":"(anonymous_17)","decl":{"start":{"line":246,"column":19},"end":{"line":246,"column":20}},"loc":{"start":{"line":246,"column":30},"end":{"line":266,"column":9}},"line":246},"18":{"name":"(anonymous_18)","decl":{"start":{"line":252,"column":73},"end":{"line":252,"column":74}},"loc":{"start":{"line":252,"column":82},"end":{"line":258,"column":13}},"line":252},"19":{"name":"(anonymous_19)","decl":{"start":{"line":268,"column":29},"end":{"line":268,"column":30}},"loc":{"start":{"line":268,"column":46},"end":{"line":292,"column":9}},"line":268},"20":{"name":"(anonymous_20)","decl":{"start":{"line":273,"column":38},"end":{"line":273,"column":39}},"loc":{"start":{"line":273,"column":49},"end":{"line":273,"column":72}},"line":273},"21":{"name":"(anonymous_21)","decl":{"start":{"line":296,"column":20},"end":{"line":296,"column":21}},"loc":{"start":{"line":296,"column":37},"end":{"line":331,"column":5}},"line":296},"22":{"name":"(anonymous_22)","decl":{"start":{"line":334,"column":46},"end":{"line":334,"column":47}},"loc":{"start":{"line":334,"column":52},"end":{"line":336,"column":1}},"line":334}},"branchMap":{"0":{"loc":{"start":{"line":10,"column":4},"end":{"line":12,"column":5}},"type":"if","locations":[{"start":{"line":10,"column":4},"end":{"line":12,"column":5}},{"start":{},"end":{}}],"line":10},"1":{"loc":{"start":{"line":10,"column":8},"end":{"line":10,"column":52}},"type":"binary-expr","locations":[{"start":{"line":10,"column":8},"end":{"line":10,"column":30}},{"start":{"line":10,"column":34},"end":{"line":10,"column":52}}],"line":10},"2":{"loc":{"start":{"line":17,"column":4},"end":{"line":19,"column":5}},"type":"if","locations":[{"start":{"line":17,"column":4},"end":{"line":19,"column":5}},{"start":{},"end":{}}],"line":17},"3":{"loc":{"start":{"line":17,"column":8},"end":{"line":17,"column":52}},"type":"binary-expr","locations":[{"start":{"line":17,"column":8},"end":{"line":17,"column":30}},{"start":{"line":17,"column":34},"end":{"line":17,"column":52}}],"line":17},"4":{"loc":{"start":{"line":53,"column":42},"end":{"line":53,"column":71}},"type":"cond-expr","locations":[{"start":{"line":53,"column":55},"end":{"line":53,"column":61}},{"start":{"line":53,"column":64},"end":{"line":53,"column":71}}],"line":53},"5":{"loc":{"start":{"line":70,"column":12},"end":{"line":72,"column":13}},"type":"if","locations":[{"start":{"line":70,"column":12},"end":{"line":72,"column":13}},{"start":{},"end":{}}],"line":70},"6":{"loc":{"start":{"line":81,"column":12},"end":{"line":85,"column":13}},"type":"if","locations":[{"start":{"line":81,"column":12},"end":{"line":85,"column":13}},{"start":{"line":83,"column":19},"end":{"line":85,"column":13}}],"line":81},"7":{"loc":{"start":{"line":104,"column":12},"end":{"line":108,"column":13}},"type":"if","locations":[{"start":{"line":104,"column":12},"end":{"line":108,"column":13}},{"start":{},"end":{}}],"line":104},"8":{"loc":{"start":{"line":105,"column":16},"end":{"line":107,"column":17}},"type":"if","locations":[{"start":{"line":105,"column":16},"end":{"line":107,"column":17}},{"start":{},"end":{}}],"line":105},"9":{"loc":{"start":{"line":112,"column":12},"end":{"line":114,"column":13}},"type":"if","locations":[{"start":{"line":112,"column":12},"end":{"line":114,"column":13}},{"start":{},"end":{}}],"line":112},"10":{"loc":{"start":{"line":121,"column":12},"end":{"line":124,"column":13}},"type":"if","locations":[{"start":{"line":121,"column":12},"end":{"line":124,"column":13}},{"start":{},"end":{}}],"line":121},"11":{"loc":{"start":{"line":129,"column":16},"end":{"line":131,"column":17}},"type":"if","locations":[{"start":{"line":129,"column":16},"end":{"line":131,"column":17}},{"start":{},"end":{}}],"line":129},"12":{"loc":{"start":{"line":138,"column":12},"end":{"line":141,"column":13}},"type":"if","locations":[{"start":{"line":138,"column":12},"end":{"line":141,"column":13}},{"start":{},"end":{}}],"line":138},"13":{"loc":{"start":{"line":138,"column":16},"end":{"line":138,"column":31}},"type":"binary-expr","locations":[{"start":{"line":138,"column":16},"end":{"line":138,"column":22}},{"start":{"line":138,"column":26},"end":{"line":138,"column":31}}],"line":138},"14":{"loc":{"start":{"line":156,"column":45},"end":{"line":156,"column":136}},"type":"binary-expr","locations":[{"start":{"line":156,"column":45},"end":{"line":156,"column":58}},{"start":{"line":156,"column":62},"end":{"line":156,"column":136}}],"line":156},"15":{"loc":{"start":{"line":164,"column":12},"end":{"line":164,"column":60}},"type":"if","locations":[{"start":{"line":164,"column":12},"end":{"line":164,"column":60}},{"start":{},"end":{}}],"line":164},"16":{"loc":{"start":{"line":169,"column":12},"end":{"line":176,"column":13}},"type":"if","locations":[{"start":{"line":169,"column":12},"end":{"line":176,"column":13}},{"start":{},"end":{}}],"line":169},"17":{"loc":{"start":{"line":171,"column":16},"end":{"line":175,"column":17}},"type":"if","locations":[{"start":{"line":171,"column":16},"end":{"line":175,"column":17}},{"start":{},"end":{}}],"line":171},"18":{"loc":{"start":{"line":207,"column":12},"end":{"line":207,"column":60}},"type":"if","locations":[{"start":{"line":207,"column":12},"end":{"line":207,"column":60}},{"start":{},"end":{}}],"line":207},"19":{"loc":{"start":{"line":210,"column":38},"end":{"line":210,"column":89}},"type":"cond-expr","locations":[{"start":{"line":210,"column":70},"end":{"line":210,"column":78}},{"start":{"line":210,"column":81},"end":{"line":210,"column":89}}],"line":210},"20":{"loc":{"start":{"line":229,"column":73},"end":{"line":229,"column":138}},"type":"cond-expr","locations":[{"start":{"line":229,"column":105},"end":{"line":229,"column":120}},{"start":{"line":229,"column":123},"end":{"line":229,"column":138}}],"line":229},"21":{"loc":{"start":{"line":233,"column":73},"end":{"line":233,"column":139}},"type":"cond-expr","locations":[{"start":{"line":233,"column":106},"end":{"line":233,"column":121}},{"start":{"line":233,"column":124},"end":{"line":233,"column":139}}],"line":233},"22":{"loc":{"start":{"line":240,"column":42},"end":{"line":240,"column":94}},"type":"cond-expr","locations":[{"start":{"line":240,"column":75},"end":{"line":240,"column":83}},{"start":{"line":240,"column":86},"end":{"line":240,"column":94}}],"line":240},"23":{"loc":{"start":{"line":253,"column":16},"end":{"line":257,"column":17}},"type":"if","locations":[{"start":{"line":253,"column":16},"end":{"line":257,"column":17}},{"start":{"line":255,"column":23},"end":{"line":257,"column":17}}],"line":253},"24":{"loc":{"start":{"line":255,"column":23},"end":{"line":257,"column":17}},"type":"if","locations":[{"start":{"line":255,"column":23},"end":{"line":257,"column":17}},{"start":{},"end":{}}],"line":255},"25":{"loc":{"start":{"line":269,"column":12},"end":{"line":291,"column":13}},"type":"if","locations":[{"start":{"line":269,"column":12},"end":{"line":291,"column":13}},{"start":{},"end":{}}],"line":269},"26":{"loc":{"start":{"line":299,"column":8},"end":{"line":303,"column":9}},"type":"if","locations":[{"start":{"line":299,"column":8},"end":{"line":303,"column":9}},{"start":{},"end":{}}],"line":299}},"s":{"0":1,"1":0,"2":0,"3":0,"4":1,"5":0,"6":0,"7":0,"8":1,"9":0,"10":0,"11":0,"12":0,"13":0,"14":0,"15":0,"16":0,"17":0,"18":0,"19":0,"20":0,"21":0,"22":0,"23":0,"24":0,"25":0,"26":0,"27":0,"28":0,"29":0,"30":0,"31":0,"32":0,"33":0,"34":0,"35":0,"36":0,"37":0,"38":0,"39":0,"40":0,"41":0,"42":0,"43":0,"44":0,"45":0,"46":0,"47":0,"48":0,"49":0,"50":0,"51":0,"52":0,"53":0,"54":0,"55":0,"56":0,"57":0,"58":0,"59":0,"60":0,"61":0,"62":0,"63":0,"64":0,"65":0,"66":0,"67":0,"68":0,"69":0,"70":0,"71":0,"72":0,"73":0,"74":0,"75":0,"76":0,"77":0,"78":0,"79":0,"80":0,"81":0,"82":0,"83":0,"84":0,"85":0,"86":0,"87":0,"88":0,"89":0,"90":0,"91":0,"92":0,"93":0,"94":0,"95":0,"96":0,"97":0,"98":0,"99":0,"100":0,"101":0,"102":0,"103":0,"104":0,"105":0,"106":0,"107":0,"108":0,"109":0,"110":0,"111":0,"112":0,"113":0,"114":0,"115":0,"116":0,"117":0,"118":0,"119":0,"120":0,"121":0,"122":0,"123":0,"124":0,"125":0,"126":0,"127":0,"128":0,"129":0,"130":0,"131":0,"132":0,"133":0,"134":0,"135":0,"136":0,"137":0,"138":0,"139":0,"140":0,"141":0,"142":0,"143":0,"144":0,"145":0,"146":0,"147":0,"148":0,"149":0,"150":0,"151":0,"152":0,"153":0,"154":0,"155":0,"156":0,"157":0,"158":0,"159":0,"160":0,"161":0,"162":0,"163":0,"164":0,"165":0,"166":0,"167":0,"168":0,"169":0,"170":0,"171":0,"172":0,"173":0,"174":0,"175":0,"176":0,"177":1,"178":0},"f":{"0":0,"1":0,"2":0,"3":0,"4":0,"5":0,"6":0,"7":0,"8":0,"9":0,"10":0,"11":0,"12":0,"13":0,"14":0,"15":0,"16":0,"17":0,"18":0,"19":0,"20":0,"21":0,"22":0},"b":{"0":[0,0],"1":[0,0],"2":[0,0],"3":[0,0],"4":[0,0],"5":[0,0],"6":[0,0],"7":[0,0],"8":[0,0],"9":[0,0],"10":[0,0],"11":[0,0],"12":[0,0],"13":[0,0],"14":[0,0],"15":[0,0],"16":[0,0],"17":[0,0],"18":[0,0],"19":[0,0],"20":[0,0],"21":[0,0],"22":[0,0],"23":[0,0],"24":[0,0],"25":[0,0],"26":[0,0]},"_coverageSchema":"1a1c01bbd47fc00a2c39e90264f33305004495a9","hash":"e34d8aa993000847d3f5d23c116ba9981aaad159"}
,"C:\\Users\\gilbe\\Documents\\GitHub\\Interactive-README-Generator-with-AI-Pro\\src\\modules\\build.js": {"path":"C:\\Users\\gilbe\\Documents\\GitHub\\Interactive-README-Generator-with-AI-Pro\\src\\modules\\build.js","statementMap":{"0":{"start":{"line":1,"column":11},"end":{"line":1,"column":24}},"1":{"start":{"line":2,"column":13},"end":{"line":2,"column":28}},"2":{"start":{"line":4,"column":0},"end":{"line":4,"column":41}},"3":{"start":{"line":8,"column":20},"end":{"line":21,"column":1}},"4":{"start":{"line":24,"column":19},"end":{"line":26,"column":15}},"5":{"start":{"line":25,"column":23},"end":{"line":25,"column":78}},"6":{"start":{"line":29,"column":21},"end":{"line":29,"column":64}},"7":{"start":{"line":30,"column":19},"end":{"line":30,"column":53}},"8":{"start":{"line":32,"column":0},"end":{"line":32,"column":54}},"9":{"start":{"line":33,"column":22},"end":{"line":33,"column":60}},"10":{"start":{"line":36,"column":18},"end":{"line":36,"column":85}},"11":{"start":{"line":39,"column":0},"end":{"line":39,"column":40}},"12":{"start":{"line":41,"column":0},"end":{"line":41,"column":75}}},"fnMap":{"0":{"name":"(anonymous_0)","decl":{"start":{"line":25,"column":9},"end":{"line":25,"column":10}},"loc":{"start":{"line":25,"column":23},"end":{"line":25,"column":78}},"line":25}},"branchMap":{},"s":{"0":0,"1":0,"2":0,"3":0,"4":0,"5":0,"6":0,"7":0,"8":0,"9":0,"10":0,"11":0,"12":0},"f":{"0":0},"b":{}}
,"C:\\Users\\gilbe\\Documents\\GitHub\\Interactive-README-Generator-with-AI-Pro\\src\\modules\\cli.js": {"path":"C:\\Users\\gilbe\\Documents\\GitHub\\Interactive-README-Generator-with-AI-Pro\\src\\modules\\cli.js","statementMap":{"0":{"start":{"line":13,"column":11},"end":{"line":13,"column":24}},"1":{"start":{"line":14,"column":13},"end":{"line":14,"column":28}},"2":{"start":{"line":15,"column":14},"end":{"line":15,"column":35}},"3":{"start":{"line":17,"column":10},"end":{"line":33,"column":1}},"4":{"start":{"line":40,"column":17},"end":{"line":40,"column":19}},"5":{"start":{"line":41,"column":4},"end":{"line":51,"column":7}},"6":{"start":{"line":42,"column":8},"end":{"line":50,"column":9}},"7":{"start":{"line":43,"column":24},"end":{"line":43,"column":40}},"8":{"start":{"line":44,"column":25},"end":{"line":44,"column":39}},"9":{"start":{"line":45,"column":12},"end":{"line":49,"column":13}},"10":{"start":{"line":46,"column":16},"end":{"line":46,"column":33}},"11":{"start":{"line":48,"column":16},"end":{"line":48,"column":33}},"12":{"start":{"line":52,"column":4},"end":{"line":52,"column":16}},"13":{"start":{"line":58,"column":12},"end":{"line":217,"column":1}},"14":{"start":{"line":60,"column":24},"end":{"line":60,"column":70}},"15":{"start":{"line":61,"column":8},"end":{"line":61,"column":64}},"16":{"start":{"line":61,"column":19},"end":{"line":61,"column":64}},"17":{"start":{"line":63,"column":29},"end":{"line":71,"column":9}},"18":{"start":{"line":64,"column":29},"end":{"line":64,"column":86}},"19":{"start":{"line":65,"column":12},"end":{"line":65,"column":53}},"20":{"start":{"line":65,"column":41},"end":{"line":65,"column":53}},"21":{"start":{"line":66,"column":12},"end":{"line":69,"column":13}},"22":{"start":{"line":67,"column":34},"end":{"line":67,"column":55}},"23":{"start":{"line":68,"column":16},"end":{"line":68,"column":102}},"24":{"start":{"line":70,"column":12},"end":{"line":70,"column":35}},"25":{"start":{"line":73,"column":31},"end":{"line":77,"column":9}},"26":{"start":{"line":74,"column":25},"end":{"line":74,"column":91}},"27":{"start":{"line":75,"column":12},"end":{"line":75,"column":52}},"28":{"start":{"line":75,"column":40},"end":{"line":75,"column":52}},"29":{"start":{"line":76,"column":12},"end":{"line":76,"column":73}},"30":{"start":{"line":79,"column":25},"end":{"line":79,"column":70}},"31":{"start":{"line":80,"column":8},"end":{"line":80,"column":81}},"32":{"start":{"line":80,"column":23},"end":{"line":80,"column":81}},"33":{"start":{"line":82,"column":30},"end":{"line":104,"column":9}},"34":{"start":{"line":106,"column":21},"end":{"line":106,"column":115}},"35":{"start":{"line":107,"column":8},"end":{"line":122,"column":9}},"36":{"start":{"line":108,"column":39},"end":{"line":108,"column":210}},"37":{"start":{"line":109,"column":33},"end":{"line":109,"column":117}},"38":{"start":{"line":110,"column":30},"end":{"line":117,"column":18}},"39":{"start":{"line":111,"column":32},"end":{"line":111,"column":52}},"40":{"start":{"line":112,"column":29},"end":{"line":112,"column":38}},"41":{"start":{"line":113,"column":32},"end":{"line":113,"column":79}},"42":{"start":{"line":113,"column":58},"end":{"line":113,"column":78}},"43":{"start":{"line":115,"column":38},"end":{"line":115,"column":56}},"44":{"start":{"line":116,"column":20},"end":{"line":116,"column":127}},"45":{"start":{"line":116,"column":58},"end":{"line":116,"column":125}},"46":{"start":{"line":119,"column":12},"end":{"line":121,"column":13}},"47":{"start":{"line":120,"column":16},"end":{"line":120,"column":81}},"48":{"start":{"line":124,"column":35},"end":{"line":124,"column":71}},"49":{"start":{"line":125,"column":8},"end":{"line":136,"column":9}},"50":{"start":{"line":126,"column":12},"end":{"line":135,"column":73}},"51":{"start":{"line":127,"column":36},"end":{"line":127,"column":66}},"52":{"start":{"line":128,"column":29},"end":{"line":128,"column":92}},"53":{"start":{"line":129,"column":32},"end":{"line":129,"column":49}},"54":{"start":{"line":130,"column":35},"end":{"line":130,"column":132}},"55":{"start":{"line":130,"column":55},"end":{"line":130,"column":131}},"56":{"start":{"line":131,"column":16},"end":{"line":131,"column":92}},"57":{"start":{"line":131,"column":43},"end":{"line":131,"column":92}},"58":{"start":{"line":132,"column":16},"end":{"line":132,"column":100}},"59":{"start":{"line":132,"column":40},"end":{"line":132,"column":100}},"60":{"start":{"line":133,"column":16},"end":{"line":133,"column":54}},"61":{"start":{"line":134,"column":16},"end":{"line":134,"column":85}},"62":{"start":{"line":134,"column":41},"end":{"line":134,"column":85}},"63":{"start":{"line":135,"column":26},"end":{"line":135,"column":71}},"64":{"start":{"line":138,"column":39},"end":{"line":138,"column":79}},"65":{"start":{"line":139,"column":8},"end":{"line":147,"column":9}},"66":{"start":{"line":140,"column":25},"end":{"line":140,"column":148}},"67":{"start":{"line":140,"column":75},"end":{"line":140,"column":104}},"68":{"start":{"line":140,"column":118},"end":{"line":140,"column":147}},"69":{"start":{"line":141,"column":32},"end":{"line":141,"column":114}},"70":{"start":{"line":142,"column":12},"end":{"line":142,"column":83}},"71":{"start":{"line":143,"column":12},"end":{"line":143,"column":50}},"72":{"start":{"line":144,"column":12},"end":{"line":146,"column":13}},"73":{"start":{"line":145,"column":16},"end":{"line":145,"column":54}},"74":{"start":{"line":149,"column":8},"end":{"line":149,"column":29}},"75":{"start":{"line":154,"column":8},"end":{"line":177,"column":60}},"76":{"start":{"line":182,"column":8},"end":{"line":199,"column":9}},"77":{"start":{"line":183,"column":12},"end":{"line":183,"column":130}},"78":{"start":{"line":184,"column":12},"end":{"line":188,"column":14}},"79":{"start":{"line":190,"column":12},"end":{"line":190,"column":63}},"80":{"start":{"line":191,"column":12},"end":{"line":198,"column":14}},"81":{"start":{"line":201,"column":25},"end":{"line":201,"column":50}},"82":{"start":{"line":202,"column":8},"end":{"line":206,"column":9}},"83":{"start":{"line":203,"column":30},"end":{"line":203,"column":69}},"84":{"start":{"line":203,"column":65},"end":{"line":203,"column":67}},"85":{"start":{"line":204,"column":33},"end":{"line":204,"column":165}},"86":{"start":{"line":205,"column":12},"end":{"line":205,"column":42}},"87":{"start":{"line":208,"column":21},"end":{"line":208,"column":42}},"88":{"start":{"line":209,"column":8},"end":{"line":215,"column":9}},"89":{"start":{"line":210,"column":12},"end":{"line":210,"column":134}},"90":{"start":{"line":210,"column":82},"end":{"line":210,"column":134}},"91":{"start":{"line":211,"column":12},"end":{"line":211,"column":60}},"92":{"start":{"line":213,"column":12},"end":{"line":213,"column":121}},"93":{"start":{"line":213,"column":69},"end":{"line":213,"column":121}},"94":{"start":{"line":214,"column":12},"end":{"line":214,"column":51}},"95":{"start":{"line":223,"column":17},"end":{"line":223,"column":28}},"96":{"start":{"line":225,"column":4},"end":{"line":233,"column":5}},"97":{"start":{"line":226,"column":8},"end":{"line":226,"column":71}},"98":{"start":{"line":227,"column":8},"end":{"line":227,"column":88}},"99":{"start":{"line":228,"column":8},"end":{"line":228,"column":34}},"100":{"start":{"line":229,"column":8},"end":{"line":229,"column":99}},"101":{"start":{"line":230,"column":8},"end":{"line":230,"column":81}},"102":{"start":{"line":231,"column":8},"end":{"line":231,"column":92}},"103":{"start":{"line":232,"column":8},"end":{"line":232,"column":15}},"104":{"start":{"line":235,"column":21},"end":{"line":235,"column":46}},"105":{"start":{"line":236,"column":23},"end":{"line":236,"column":46}},"106":{"start":{"line":238,"column":4},"end":{"line":238,"column":87}},"107":{"start":{"line":242,"column":4},"end":{"line":247,"column":5}},"108":{"start":{"line":243,"column":20},"end":{"line":243,"column":38}},"109":{"start":{"line":244,"column":8},"end":{"line":244,"column":73}},"110":{"start":{"line":246,"column":8},"end":{"line":246,"column":88}},"111":{"start":{"line":249,"column":20},"end":{"line":249,"column":41}},"112":{"start":{"line":250,"column":12},"end":{"line":250,"column":13}},"113":{"start":{"line":251,"column":21},"end":{"line":253,"column":11}},"114":{"start":{"line":252,"column":8},"end":{"line":252,"column":114}},"115":{"start":{"line":255,"column":21},"end":{"line":255,"column":73}},"116":{"start":{"line":256,"column":4},"end":{"line":256,"column":28}},"117":{"start":{"line":257,"column":4},"end":{"line":257,"column":86}},"118":{"start":{"line":260,"column":4},"end":{"line":260,"column":89}},"119":{"start":{"line":261,"column":19},"end":{"line":261,"column":45}},"120":{"start":{"line":262,"column":26},"end":{"line":262,"column":73}},"121":{"start":{"line":263,"column":4},"end":{"line":263,"column":82}},"122":{"start":{"line":266,"column":25},"end":{"line":266,"column":95}},"123":{"start":{"line":267,"column":4},"end":{"line":267,"column":47}},"124":{"start":{"line":268,"column":4},"end":{"line":268,"column":93}},"125":{"start":{"line":271,"column":0},"end":{"line":279,"column":3}},"126":{"start":{"line":273,"column":28},"end":{"line":273,"column":55}},"127":{"start":{"line":274,"column":4},"end":{"line":274,"column":62}},"128":{"start":{"line":274,"column":16},"end":{"line":274,"column":17}},"129":{"start":{"line":274,"column":45},"end":{"line":274,"column":62}},"130":{"start":{"line":275,"column":4},"end":{"line":275,"column":31}},"131":{"start":{"line":277,"column":4},"end":{"line":277,"column":65}},"132":{"start":{"line":278,"column":4},"end":{"line":278,"column":20}}},"fnMap":{"0":{"name":"parseArgs","decl":{"start":{"line":39,"column":9},"end":{"line":39,"column":18}},"loc":{"start":{"line":39,"column":21},"end":{"line":53,"column":1}},"line":39},"1":{"name":"(anonymous_1)","decl":{"start":{"line":41,"column":34},"end":{"line":41,"column":35}},"loc":{"start":{"line":41,"column":55},"end":{"line":51,"column":5}},"line":41},"2":{"name":"(anonymous_2)","decl":{"start":{"line":59,"column":23},"end":{"line":59,"column":24}},"loc":{"start":{"line":59,"column":58},"end":{"line":150,"column":5}},"line":59},"3":{"name":"(anonymous_3)","decl":{"start":{"line":63,"column":29},"end":{"line":63,"column":30}},"loc":{"start":{"line":63,"column":45},"end":{"line":71,"column":9}},"line":63},"4":{"name":"(anonymous_4)","decl":{"start":{"line":73,"column":31},"end":{"line":73,"column":32}},"loc":{"start":{"line":73,"column":51},"end":{"line":77,"column":9}},"line":73},"5":{"name":"(anonymous_5)","decl":{"start":{"line":111,"column":24},"end":{"line":111,"column":25}},"loc":{"start":{"line":111,"column":32},"end":{"line":111,"column":52}},"line":111},"6":{"name":"(anonymous_6)","decl":{"start":{"line":112,"column":21},"end":{"line":112,"column":22}},"loc":{"start":{"line":112,"column":29},"end":{"line":112,"column":38}},"line":112},"7":{"name":"(anonymous_7)","decl":{"start":{"line":113,"column":24},"end":{"line":113,"column":25}},"loc":{"start":{"line":113,"column":32},"end":{"line":113,"column":79}},"line":113},"8":{"name":"(anonymous_8)","decl":{"start":{"line":113,"column":51},"end":{"line":113,"column":52}},"loc":{"start":{"line":113,"column":58},"end":{"line":113,"column":78}},"line":113},"9":{"name":"(anonymous_9)","decl":{"start":{"line":114,"column":24},"end":{"line":114,"column":25}},"loc":{"start":{"line":114,"column":32},"end":{"line":117,"column":17}},"line":114},"10":{"name":"(anonymous_10)","decl":{"start":{"line":116,"column":51},"end":{"line":116,"column":52}},"loc":{"start":{"line":116,"column":58},"end":{"line":116,"column":125}},"line":116},"11":{"name":"(anonymous_11)","decl":{"start":{"line":130,"column":50},"end":{"line":130,"column":51}},"loc":{"start":{"line":130,"column":55},"end":{"line":130,"column":131}},"line":130},"12":{"name":"(anonymous_12)","decl":{"start":{"line":140,"column":67},"end":{"line":140,"column":68}},"loc":{"start":{"line":140,"column":75},"end":{"line":140,"column":104}},"line":140},"13":{"name":"(anonymous_13)","decl":{"start":{"line":140,"column":110},"end":{"line":140,"column":111}},"loc":{"start":{"line":140,"column":118},"end":{"line":140,"column":147}},"line":140},"14":{"name":"(anonymous_14)","decl":{"start":{"line":152,"column":18},"end":{"line":152,"column":19}},"loc":{"start":{"line":152,"column":33},"end":{"line":178,"column":5}},"line":152},"15":{"name":"(anonymous_15)","decl":{"start":{"line":180,"column":15},"end":{"line":180,"column":16}},"loc":{"start":{"line":180,"column":56},"end":{"line":216,"column":5}},"line":180},"16":{"name":"(anonymous_16)","decl":{"start":{"line":203,"column":58},"end":{"line":203,"column":59}},"loc":{"start":{"line":203,"column":65},"end":{"line":203,"column":67}},"line":203},"17":{"name":"main","decl":{"start":{"line":222,"column":15},"end":{"line":222,"column":19}},"loc":{"start":{"line":222,"column":22},"end":{"line":269,"column":1}},"line":222},"18":{"name":"(anonymous_18)","decl":{"start":{"line":251,"column":33},"end":{"line":251,"column":34}},"loc":{"start":{"line":251,"column":39},"end":{"line":253,"column":5}},"line":251},"19":{"name":"(anonymous_19)","decl":{"start":{"line":271,"column":13},"end":{"line":271,"column":14}},"loc":{"start":{"line":271,"column":20},"end":{"line":279,"column":1}},"line":271},"20":{"name":"(anonymous_20)","decl":{"start":{"line":273,"column":40},"end":{"line":273,"column":41}},"loc":{"start":{"line":273,"column":46},"end":{"line":273,"column":48}},"line":273}},"branchMap":{"0":{"loc":{"start":{"line":42,"column":8},"end":{"line":50,"column":9}},"type":"if","locations":[{"start":{"line":42,"column":8},"end":{"line":50,"column":9}},{"start":{},"end":{}}],"line":42},"1":{"loc":{"start":{"line":45,"column":12},"end":{"line":49,"column":13}},"type":"if","locations":[{"start":{"line":45,"column":12},"end":{"line":49,"column":13}},{"start":{"line":47,"column":19},"end":{"line":49,"column":13}}],"line":45},"2":{"loc":{"start":{"line":45,"column":16},"end":{"line":45,"column":46}},"type":"binary-expr","locations":[{"start":{"line":45,"column":16},"end":{"line":45,"column":20}},{"start":{"line":45,"column":24},"end":{"line":45,"column":46}}],"line":45},"3":{"loc":{"start":{"line":61,"column":8},"end":{"line":61,"column":64}},"type":"if","locations":[{"start":{"line":61,"column":8},"end":{"line":61,"column":64}},{"start":{},"end":{}}],"line":61},"4":{"loc":{"start":{"line":65,"column":12},"end":{"line":65,"column":53}},"type":"if","locations":[{"start":{"line":65,"column":12},"end":{"line":65,"column":53}},{"start":{},"end":{}}],"line":65},"5":{"loc":{"start":{"line":66,"column":12},"end":{"line":69,"column":13}},"type":"if","locations":[{"start":{"line":66,"column":12},"end":{"line":69,"column":13}},{"start":{},"end":{}}],"line":66},"6":{"loc":{"start":{"line":68,"column":32},"end":{"line":68,"column":100}},"type":"binary-expr","locations":[{"start":{"line":68,"column":32},"end":{"line":68,"column":49}},{"start":{"line":68,"column":53},"end":{"line":68,"column":100}}],"line":68},"7":{"loc":{"start":{"line":75,"column":12},"end":{"line":75,"column":52}},"type":"if","locations":[{"start":{"line":75,"column":12},"end":{"line":75,"column":52}},{"start":{},"end":{}}],"line":75},"8":{"loc":{"start":{"line":75,"column":16},"end":{"line":75,"column":38}},"type":"binary-expr","locations":[{"start":{"line":75,"column":16},"end":{"line":75,"column":21}},{"start":{"line":75,"column":25},"end":{"line":75,"column":38}}],"line":75},"9":{"loc":{"start":{"line":80,"column":8},"end":{"line":80,"column":81}},"type":"if","locations":[{"start":{"line":80,"column":8},"end":{"line":80,"column":81}},{"start":{},"end":{}}],"line":80},"10":{"loc":{"start":{"line":84,"column":25},"end":{"line":84,"column":51}},"type":"binary-expr","locations":[{"start":{"line":84,"column":25},"end":{"line":84,"column":45}},{"start":{"line":84,"column":49},"end":{"line":84,"column":51}}],"line":84},"11":{"loc":{"start":{"line":85,"column":26},"end":{"line":85,"column":90}},"type":"cond-expr","locations":[{"start":{"line":85,"column":46},"end":{"line":85,"column":77}},{"start":{"line":85,"column":80},"end":{"line":85,"column":90}}],"line":85},"12":{"loc":{"start":{"line":86,"column":20},"end":{"line":86,"column":47}},"type":"binary-expr","locations":[{"start":{"line":86,"column":20},"end":{"line":86,"column":41}},{"start":{"line":86,"column":45},"end":{"line":86,"column":47}}],"line":86},"13":{"loc":{"start":{"line":87,"column":21},"end":{"line":87,"column":60}},"type":"binary-expr","locations":[{"start":{"line":87,"column":21},"end":{"line":87,"column":46}},{"start":{"line":87,"column":50},"end":{"line":87,"column":60}}],"line":87},"14":{"loc":{"start":{"line":107,"column":8},"end":{"line":122,"column":9}},"type":"if","locations":[{"start":{"line":107,"column":8},"end":{"line":122,"column":9}},{"start":{},"end":{}}],"line":107},"15":{"loc":{"start":{"line":107,"column":12},"end":{"line":107,"column":29}},"type":"binary-expr","locations":[{"start":{"line":107,"column":12},"end":{"line":107,"column":16}},{"start":{"line":107,"column":20},"end":{"line":107,"column":29}}],"line":107},"16":{"loc":{"start":{"line":116,"column":58},"end":{"line":116,"column":125}},"type":"binary-expr","locations":[{"start":{"line":116,"column":58},"end":{"line":116,"column":81}},{"start":{"line":116,"column":85},"end":{"line":116,"column":125}}],"line":116},"17":{"loc":{"start":{"line":119,"column":12},"end":{"line":121,"column":13}},"type":"if","locations":[{"start":{"line":119,"column":12},"end":{"line":121,"column":13}},{"start":{},"end":{}}],"line":119},"18":{"loc":{"start":{"line":125,"column":8},"end":{"line":136,"column":9}},"type":"if","locations":[{"start":{"line":125,"column":8},"end":{"line":136,"column":9}},{"start":{},"end":{}}],"line":125},"19":{"loc":{"start":{"line":131,"column":16},"end":{"line":131,"column":92}},"type":"if","locations":[{"start":{"line":131,"column":16},"end":{"line":131,"column":92}},{"start":{},"end":{}}],"line":131},"20":{"loc":{"start":{"line":132,"column":16},"end":{"line":132,"column":100}},"type":"if","locations":[{"start":{"line":132,"column":16},"end":{"line":132,"column":100}},{"start":{},"end":{}}],"line":132},"21":{"loc":{"start":{"line":134,"column":16},"end":{"line":134,"column":85}},"type":"if","locations":[{"start":{"line":134,"column":16},"end":{"line":134,"column":85}},{"start":{},"end":{}}],"line":134},"22":{"loc":{"start":{"line":139,"column":8},"end":{"line":147,"column":9}},"type":"if","locations":[{"start":{"line":139,"column":8},"end":{"line":147,"column":9}},{"start":{},"end":{}}],"line":139},"23":{"loc":{"start":{"line":140,"column":75},"end":{"line":140,"column":104}},"type":"binary-expr","locations":[{"start":{"line":140,"column":75},"end":{"line":140,"column":79}},{"start":{"line":140,"column":83},"end":{"line":140,"column":104}}],"line":140},"24":{"loc":{"start":{"line":141,"column":32},"end":{"line":141,"column":114}},"type":"cond-expr","locations":[{"start":{"line":141,"column":76},"end":{"line":141,"column":109}},{"start":{"line":141,"column":112},"end":{"line":141,"column":114}}],"line":141},"25":{"loc":{"start":{"line":144,"column":12},"end":{"line":146,"column":13}},"type":"if","locations":[{"start":{"line":144,"column":12},"end":{"line":146,"column":13}},{"start":{},"end":{}}],"line":144},"26":{"loc":{"start":{"line":144,"column":16},"end":{"line":144,"column":88}},"type":"binary-expr","locations":[{"start":{"line":144,"column":16},"end":{"line":144,"column":43}},{"start":{"line":144,"column":47},"end":{"line":144,"column":88}}],"line":144},"27":{"loc":{"start":{"line":158,"column":2},"end":{"line":158,"column":78}},"type":"cond-expr","locations":[{"start":{"line":158,"column":23},"end":{"line":158,"column":73}},{"start":{"line":158,"column":76},"end":{"line":158,"column":78}}],"line":158},"28":{"loc":{"start":{"line":182,"column":8},"end":{"line":199,"column":9}},"type":"if","locations":[{"start":{"line":182,"column":8},"end":{"line":199,"column":9}},{"start":{"line":189,"column":15},"end":{"line":199,"column":9}}],"line":182},"29":{"loc":{"start":{"line":202,"column":8},"end":{"line":206,"column":9}},"type":"if","locations":[{"start":{"line":202,"column":8},"end":{"line":206,"column":9}},{"start":{},"end":{}}],"line":202},"30":{"loc":{"start":{"line":204,"column":33},"end":{"line":204,"column":165}},"type":"binary-expr","locations":[{"start":{"line":204,"column":34},"end":{"line":204,"column":109}},{"start":{"line":204,"column":114},"end":{"line":204,"column":165}}],"line":204},"31":{"loc":{"start":{"line":204,"column":34},"end":{"line":204,"column":109}},"type":"cond-expr","locations":[{"start":{"line":204,"column":58},"end":{"line":204,"column":82}},{"start":{"line":204,"column":85},"end":{"line":204,"column":109}}],"line":204},"32":{"loc":{"start":{"line":209,"column":8},"end":{"line":215
[...]
:{"line":59,"column":137}},"30":{"start":{"line":60,"column":12},"end":{"line":60,"column":131}},"31":{"start":{"line":60,"column":35},"end":{"line":60,"column":131}},"32":{"start":{"line":62,"column":8},"end":{"line":62,"column":31}},"33":{"start":{"line":70,"column":21},"end":{"line":70,"column":54}},"34":{"start":{"line":71,"column":8},"end":{"line":71,"column":39}},"35":{"start":{"line":73,"column":8},"end":{"line":81,"column":9}},"36":{"start":{"line":74,"column":27},"end":{"line":74,"column":73}},"37":{"start":{"line":75,"column":32},"end":{"line":75,"column":76}},"38":{"start":{"line":76,"column":37},"end":{"line":76,"column":83}},"39":{"start":{"line":77,"column":12},"end":{"line":80,"column":13}},"40":{"start":{"line":78,"column":16},"end":{"line":78,"column":71}},"41":{"start":{"line":79,"column":16},"end":{"line":79,"column":29}},"42":{"start":{"line":83,"column":8},"end":{"line":92,"column":9}},"43":{"start":{"line":84,"column":12},"end":{"line":87,"column":13}},"44":{"start":{"line":85,"column":16},"end":{"line":85,"column":82}},"45":{"start":{"line":86,"column":16},"end":{"line":86,"column":29}},"46":{"start":{"line":88,"column":12},"end":{"line":91,"column":13}},"47":{"start":{"line":89,"column":16},"end":{"line":89,"column":87}},"48":{"start":{"line":90,"column":16},"end":{"line":90,"column":29}},"49":{"start":{"line":94,"column":8},"end":{"line":100,"column":9}},"50":{"start":{"line":95,"column":31},"end":{"line":95,"column":62}},"51":{"start":{"line":96,"column":12},"end":{"line":99,"column":13}},"52":{"start":{"line":97,"column":16},"end":{"line":97,"column":119}},"53":{"start":{"line":98,"column":16},"end":{"line":98,"column":29}},"54":{"start":{"line":102,"column":8},"end":{"line":102,"column":20}},"55":{"start":{"line":110,"column":21},"end":{"line":110,"column":23}},"56":{"start":{"line":111,"column":29},"end":{"line":111,"column":75}},"57":{"start":{"line":113,"column":8},"end":{"line":124,"column":9}},"58":{"start":{"line":114,"column":12},"end":{"line":114,"column":96}},"59":{"start":{"line":114,"column":87},"end":{"line":114,"column":96}},"60":{"start":{"line":116,"column":25},"end":{"line":116,"column":35}},"61":{"start":{"line":117,"column":24},"end":{"line":117,"column":37}},"62":{"start":{"line":119,"column":12},"end":{"line":123,"column":13}},"63":{"start":{"line":120,"column":16},"end":{"line":120,"column":45}},"64":{"start":{"line":122,"column":16},"end":{"line":122,"column":99}},"65":{"start":{"line":127,"column":8},"end":{"line":129,"column":9}},"66":{"start":{"line":128,"column":12},"end":{"line":128,"column":100}},"67":{"start":{"line":132,"column":8},"end":{"line":132,"column":69}},"68":{"start":{"line":134,"column":8},"end":{"line":134,"column":20}},"69":{"start":{"line":143,"column":29},"end":{"line":143,"column":75}},"70":{"start":{"line":146,"column":26},"end":{"line":152,"column":9}},"71":{"start":{"line":154,"column":8},"end":{"line":165,"column":9}},"72":{"start":{"line":155,"column":12},"end":{"line":164,"column":13}},"73":{"start":{"line":156,"column":32},"end":{"line":156,"column":49}},"74":{"start":{"line":157,"column":16},"end":{"line":163,"column":17}},"75":{"start":{"line":158,"column":20},"end":{"line":162,"column":21}},"76":{"start":{"line":159,"column":24},"end":{"line":159,"column":59}},"77":{"start":{"line":160,"column":27},"end":{"line":162,"column":21}},"78":{"start":{"line":161,"column":24},"end":{"line":161,"column":55}},"79":{"start":{"line":168,"column":27},"end":{"line":168,"column":44}},"80":{"start":{"line":169,"column":32},"end":{"line":169,"column":55}},"81":{"start":{"line":170,"column":31},"end":{"line":170,"column":91}},"82":{"start":{"line":170,"column":67},"end":{"line":170,"column":90}},"83":{"start":{"line":172,"column":8},"end":{"line":177,"column":9}},"84":{"start":{"line":173,"column":12},"end":{"line":173,"column":40}},"85":{"start":{"line":174,"column":12},"end":{"line":174,"column":46}},"86":{"start":{"line":176,"column":12},"end":{"line":176,"column":59}},"87":{"start":{"line":180,"column":8},"end":{"line":180,"column":51}},"88":{"start":{"line":181,"column":8},"end":{"line":181,"column":109}},"89":{"start":{"line":190,"column":30},"end":{"line":193,"column":9}},"90":{"start":{"line":194,"column":8},"end":{"line":194,"column":140}},"91":{"start":{"line":194,"column":43},"end":{"line":194,"column":138}},"92":{"start":{"line":202,"column":8},"end":{"line":202,"column":56}},"93":{"start":{"line":202,"column":49},"end":{"line":202,"column":56}},"94":{"start":{"line":204,"column":28},"end":{"line":204,"column":69}},"95":{"start":{"line":205,"column":8},"end":{"line":205,"column":34}},"96":{"start":{"line":207,"column":8},"end":{"line":229,"column":9}},"97":{"start":{"line":208,"column":31},"end":{"line":208,"column":58}},"98":{"start":{"line":209,"column":31},"end":{"line":209,"column":73}},"99":{"start":{"line":210,"column":32},"end":{"line":210,"column":48}},"100":{"start":{"line":211,"column":24},"end":{"line":211,"column":98}},"101":{"start":{"line":213,"column":12},"end":{"line":224,"column":15}},"102":{"start":{"line":214,"column":33},"end":{"line":214,"column":68}},"103":{"start":{"line":215,"column":16},"end":{"line":215,"column":56}},"104":{"start":{"line":216,"column":16},"end":{"line":216,"column":41}},"105":{"start":{"line":217,"column":16},"end":{"line":220,"column":25}},"106":{"start":{"line":218,"column":20},"end":{"line":218,"column":59}},"107":{"start":{"line":219,"column":20},"end":{"line":219,"column":46}},"108":{"start":{"line":222,"column":16},"end":{"line":222,"column":60}},"109":{"start":{"line":223,"column":16},"end":{"line":223,"column":73}},"110":{"start":{"line":227,"column":12},"end":{"line":227,"column":71}},"111":{"start":{"line":228,"column":12},"end":{"line":228,"column":97}},"112":{"start":{"line":236,"column":24},"end":{"line":236,"column":58}},"113":{"start":{"line":237,"column":20},"end":{"line":243,"column":9}},"114":{"start":{"line":244,"column":8},"end":{"line":244,"column":49}},"115":{"start":{"line":251,"column":8},"end":{"line":251,"column":28}},"116":{"start":{"line":251,"column":21},"end":{"line":251,"column":28}},"117":{"start":{"line":252,"column":25},"end":{"line":256,"column":63}},"118":{"start":{"line":257,"column":21},"end":{"line":257,"column":64}},"119":{"start":{"line":258,"column":20},"end":{"line":258,"column":45}},"120":{"start":{"line":259,"column":18},"end":{"line":259,"column":45}},"121":{"start":{"line":260,"column":8},"end":{"line":260,"column":21}},"122":{"start":{"line":261,"column":8},"end":{"line":261,"column":35}},"123":{"start":{"line":262,"column":8},"end":{"line":262,"column":37}},"124":{"start":{"line":263,"column":8},"end":{"line":263,"column":18}},"125":{"start":{"line":264,"column":8},"end":{"line":264,"column":37}},"126":{"start":{"line":265,"column":8},"end":{"line":265,"column":33}},"127":{"start":{"line":269,"column":0},"end":{"line":271,"column":1}},"128":{"start":{"line":270,"column":4},"end":{"line":270,"column":31}}},"fnMap":{"0":{"name":"(anonymous_0)","decl":{"start":{"line":11,"column":19},"end":{"line":11,"column":20}},"loc":{"start":{"line":11,"column":34},"end":{"line":16,"column":5}},"line":11},"1":{"name":"(anonymous_1)","decl":{"start":{"line":25,"column":14},"end":{"line":25,"column":15}},"loc":{"start":{"line":25,"column":36},"end":{"line":32,"column":5}},"line":25},"2":{"name":"(anonymous_2)","decl":{"start":{"line":27,"column":15},"end":{"line":27,"column":16}},"loc":{"start":{"line":27,"column":33},"end":{"line":31,"column":9}},"line":27},"3":{"name":"(anonymous_3)","decl":{"start":{"line":30,"column":33},"end":{"line":30,"column":34}},"loc":{"start":{"line":30,"column":39},"end":{"line":30,"column":64}},"line":30},"4":{"name":"(anonymous_4)","decl":{"start":{"line":34,"column":21},"end":{"line":34,"column":22}},"loc":{"start":{"line":34,"column":32},"end":{"line":43,"column":5}},"line":34},"5":{"name":"(anonymous_5)","decl":{"start":{"line":35,"column":27},"end":{"line":35,"column":28}},"loc":{"start":{"line":35,"column":48},"end":{"line":42,"column":9}},"line":35},"6":{"name":"(anonymous_6)","decl":{"start":{"line":40,"column":29},"end":{"line":40,"column":30}},"loc":{"start":{"line":40,"column":35},"end":{"line":40,"column":91}},"line":40},"7":{"name":"(anonymous_7)","decl":{"start":{"line":52,"column":26},"end":{"line":52,"column":27}},"loc":{"start":{"line":52,"column":50},"end":{"line":63,"column":5}},"line":52},"8":{"name":"(anonymous_8)","decl":{"start":{"line":69,"column":25},"end":{"line":69,"column":26}},"loc":{"start":{"line":69,"column":36},"end":{"line":103,"column":5}},"line":69},"9":{"name":"(anonymous_9)","decl":{"start":{"line":109,"column":21},"end":{"line":109,"column":22}},"loc":{"start":{"line":109,"column":32},"end":{"line":135,"column":5}},"line":109},"10":{"name":"(anonymous_10)","decl":{"start":{"line":142,"column":18},"end":{"line":142,"column":19}},"loc":{"start":{"line":142,"column":33},"end":{"line":182,"column":5}},"line":142},"11":{"name":"(anonymous_11)","decl":{"start":{"line":170,"column":60},"end":{"line":170,"column":61}},"loc":{"start":{"line":170,"column":67},"end":{"line":170,"column":90}},"line":170},"12":{"name":"(anonymous_12)","decl":{"start":{"line":189,"column":26},"end":{"line":189,"column":27}},"loc":{"start":{"line":189,"column":41},"end":{"line":195,"column":5}},"line":189},"13":{"name":"(anonymous_13)","decl":{"start":{"line":194,"column":34},"end":{"line":194,"column":35}},"loc":{"start":{"line":194,"column":43},"end":{"line":194,"column":138}},"line":194},"14":{"name":"(anonymous_14)","decl":{"start":{"line":201,"column":27},"end":{"line":201,"column":28}},"loc":{"start":{"line":201,"column":38},"end":{"line":230,"column":5}},"line":201},"15":{"name":"(anonymous_15)","decl":{"start":{"line":213,"column":52},"end":{"line":213,"column":53}},"loc":{"start":{"line":213,"column":58},"end":{"line":221,"column":13}},"line":213},"16":{"name":"(anonymous_16)","decl":{"start":{"line":217,"column":27},"end":{"line":217,"column":28}},"loc":{"start":{"line":217,"column":33},"end":{"line":220,"column":17}},"line":217},"17":{"name":"(anonymous_17)","decl":{"start":{"line":221,"column":21},"end":{"line":221,"column":22}},"loc":{"start":{"line":221,"column":28},"end":{"line":224,"column":13}},"line":221},"18":{"name":"(anonymous_18)","decl":{"start":{"line":235,"column":17},"end":{"line":235,"column":18}},"loc":{"start":{"line":235,"column":34},"end":{"line":245,"column":5}},"line":235},"19":{"name":"(anonymous_19)","decl":{"start":{"line":250,"column":18},"end":{"line":250,"column":19}},"loc":{"start":{"line":250,"column":35},"end":{"line":266,"column":5}},"line":250}},"branchMap":{"0":{"loc":{"start":{"line":12,"column":8},"end":{"line":12,"column":50}},"type":"if","locations":[{"start":{"line":12,"column":8},"end":{"line":12,"column":50}},{"start":{},"end":{}}],"line":12},"1":{"loc":{"start":{"line":36,"column":12},"end":{"line":36,"column":46}},"type":"if","locations":[{"start":{"line":36,"column":12},"end":{"line":36,"column":46}},{"start":{},"end":{}}],"line":36},"2":{"loc":{"start":{"line":53,"column":8},"end":{"line":53,"column":79}},"type":"if","locations":[{"start":{"line":53,"column":8},"end":{"line":53,"column":79}},{"start":{},"end":{}}],"line":53},"3":{"loc":{"start":{"line":55,"column":8},"end":{"line":61,"column":9}},"type":"if","locations":[{"start":{"line":55,"column":8},"end":{"line":61,"column":9}},{"start":{"line":58,"column":15},"end":{"line":61,"column":9}}],"line":55},"4":{"loc":{"start":{"line":56,"column":12},"end":{"line":56,"column":131}},"type":"if","locations":[{"start":{"line":56,"column":12},"end":{"line":56,"column":131}},{"start":{},"end":{}}],"line":56},"5":{"loc":{"start":{"line":57,"column":12},"end":{"line":57,"column":105}},"type":"if","locations":[{"start":{"line":57,"column":12},"end":{"line":57,"column":105}},{"start":{},"end":{}}],"line":57},"6":{"loc":{"start":{"line":58,"column":15},"end":{"line":61,"column":9}},"type":"if","locations":[{"start":{"line":58,"column":15},"end":{"line":61,"column":9}},{"start":{},"end":{}}],"line":58},"7":{"loc":{"start":{"line":59,"column":12},"end":{"line":59,"column":137}},"type":"if","locations":[{"start":{"line":59,"column":12},"end":{"line":59,"column":137}},{"start":{},"end":{}}],"line":59},"8":{"loc":{"start":{"line":60,"column":12},"end":{"line":60,"column":131}},"type":"if","locations":[{"start":{"line":60,"column":12},"end":{"line":60,"column":131}},{"start":{},"end":{}}],"line":60},"9":{"loc":{"start":{"line":73,"column":8},"end":{"line":81,"column":9}},"type":"if","locations":[{"start":{"line":73,"column":8},"end":{"line":81,"column":9}},{"start":{},"end":{}}],"line":73},"10":{"loc":{"start":{"line":77,"column":12},"end":{"line":80,"column":13}},"type":"if","locations":[{"start":{"line":77,"column":12},"end":{"line":80,"column":13}},{"start":{},"end":{}}],"line":77},"11":{"loc":{"start":{"line":83,"column":8},"end":{"line":92,"column":9}},"type":"if","locations":[{"start":{"line":83,"column":8},"end":{"line":92,"column":9}},{"start":{},"end":{}}],"line":83},"12":{"loc":{"start":{"line":84,"column":12},"end":{"line":87,"column":13}},"type":"if","locations":[{"start":{"line":84,"column":12},"end":{"line":87,"column":13}},{"start":{},"end":{}}],"line":84},"13":{"loc":{"start":{"line":88,"column":12},"end":{"line":91,"column":13}},"type":"if","locations":[{"start":{"line":88,"column":12},"end":{"line":91,"column":13}},{"start":{},"end":{}}],"line":88},"14":{"loc":{"start":{"line":94,"column":8},"end":{"line":100,"column":9}},"type":"if","locations":[{"start":{"line":94,"column":8},"end":{"line":100,"column":9}},{"start":{},"end":{}}],"line":94},"15":{"loc":{"start":{"line":96,"column":12},"end":{"line":99,"column":13}},"type":"if","locations":[{"start":{"line":96,"column":12},"end":{"line":99,"column":13}},{"start":{},"end":{}}],"line":96},"16":{"loc":{"start":{"line":96,"column":16},"end":{"line":96,"column":100}},"type":"binary-expr","locations":[{"start":{"line":96,"column":16},"end":{"line":96,"column":45}},{"start":{"line":96,"column":49},"end":{"line":96,"column":100}}],"line":96},"17":{"loc":{"start":{"line":114,"column":12},"end":{"line":114,"column":96}},"type":"if","locations":[{"start":{"line":114,"column":12},"end":{"line":114,"column":96}},{"start":{},"end":{}}],"line":114},"18":{"loc":{"start":{"line":114,"column":16},"end":{"line":114,"column":85}},"type":"binary-expr","locations":[{"start":{"line":114,"column":16},"end":{"line":114,"column":27}},{"start":{"line":114,"column":31},"end":{"line":114,"column":56}},{"start":{"line":114,"column":60},"end":{"line":114,"column":85}}],"line":114},"19":{"loc":{"start":{"line":119,"column":12},"end":{"line":123,"column":13}},"type":"if","locations":[{"start":{"line":119,"column":12},"end":{"line":123,"column":13}},{"start":{"line":121,"column":19},"end":{"line":123,"column":13}}],"line":119},"20":{"loc":{"start":{"line":122,"column":49},"end":{"line":122,"column":97}},"type":"cond-expr","locations":[{"start":{"line":122,"column":77},"end":{"line":122,"column":89}},{"start":{"line":122,"column":92},"end":{"line":122,"column":97}}],"line":122},"21":{"loc":{"start":{"line":127,"column":8},"end":{"line":129,"column":9}},"type":"if","locations":[{"start":{"line":127,"column":8},"end":{"line":129,"column":9}},{"start":{},"end":{}}],"line":127},"22":{"loc":{"start":{"line":128,"column":24},"end":{"line":128,"column":99}},"type":"binary-expr","locations":[{"start":{"line":128,"column":24},"end":{"line":128,"column":81}},{"start":{"line":128,"column":85},"end":{"line":128,"column":99}}],"line":128},"23":{"loc":{"start":{"line":155,"column":12},"end":{"line":164,"column":13}},"type":"if","locations":[{"start":{"line":155,"column":12},"end":{"line":164,"column":13}},{"start":{},"end":{}}],"line":155},"24":{"loc":{"start":{"line":157,"column":16},"end":{"line":163,"column":17}},"type":"if","locations":[{"start":{"line":157,"column":16},"end":{"line":163,"column":17}},{"start":{},"end":{}}],"line":157},"25":{"loc":{"start":{"line":158,"column":20},"end":{"line":162,"column":21}},"type":"if","locations":[{"start":{"line":158,"column":20},"end":{"line":162,"column":21}},{"start":{"line":160,"column":27},"end":{"line":162,"column":21}}],"line":158},"26":{"loc":{"start":{"line":160,"column":27},"end":{"line":162,"column":21}},"type":"if","locations":[{"start":{"line":160,"column":27},"end":{"line":162,"column":21}},{"start":{},"end":{}}],"line":160},"27":{"loc":{"start":{"line":172,"column":8},"end":{"line":177,"column":9}},"type":"if","locations":[{"start":{"line":172,"column":8},"end":{"line":177,"column":9}},{"start":{"line":175,"column":15},"end":{"line":177,"column":9}}],"line":172},"28":{"loc":{"start":{"line":172,"column":12},"end":{"line":172,"column":40}},"type":"binary-expr","locations":[{"start":{"line":172,"column":12},"end":{"line":172,"column":21}},{"start":{"line":172,"column":25},"end":{"line":172,"column":40}}],"line":172},"29":{"loc":{"start":{"line":176,"column":31},"end":{"line":176,"column":58}},"type":"binary-expr","locations":[{"start":{"line":176,"column":31},"end":{"line":176,"column":40}},{"start":{"line":176,"column":44},"end":{"line":176,"column":58}}],"line":176},"30":{"loc":{"start":{"line":194,"column":43},"end":{"line":194,"column":138}},"type":"binary-expr","locations":[{"start":{"line":194,"column":43},"end":{"line":194,"column":63}},{"start":{"line":194,"column":68},"end":{"line":194,"column":93}},{"start":{"line":194,"column":97},"end":{"line":194,"column":137}}],"line":194},"31":{"loc":{"start":{"line":202,"column":8},"end":{"line":202,"column":56}},"type":"if","locations":[{"start":{"line":202,"column":8},"end":{"line":202,"column":56}},{"start":{},"end":{}}],"line":202},"32":{"loc":{"start":{"line":251,"column":8},"end":{"line":251,"column":28}},"type":"if","locations":[{"start":{"line":251,"column":8},"end":{"line":251,"column":28}},{"start":{},"end":{}}],"line":251},"33":{"loc":{"start":{"line":269,"column":0},"end":{"line":271,"column":1}},"type":"if","locations":[{"start":{"line":269,"column":0},"end":{"line":271,"column":1}},{"start":{},"end":{}}],"line":269},"34":{"loc":{"start":{"line":269,"column":4},"end":{"line":269,"column":51}},"type":"binary-expr","locations":[{"start":{"line":269,"column":4},"end":{"line":269,"column":33}},{"start":{"line":269,"column":37},"end":{"line":269,"column":51}}],"line":269}},"s":{"0":1,"1":2,"2":0,"3":2,"4":2,"5":2,"6":0,"7":0,"8":0,"9":0,"10":0,"11":0,"12":0,"13":0,"14":0,"15":0,"16":0,"17":0,"18":0,"19":0,"20":4,"21":0,"22":4,"23":2,"24":1,"25":1,"26":0,"27":2,"28":2,"29":0,"30":2,"31":1,"32":2,"33":1,"34":1,"35":1,"36":0,"37":0,"38":0,"39":0,"40":0,"41":0,"42":1,"43":1,"44":1,"45":1,"46":0,"47":0,"48":0,"49":0,"50":0,"51":0,"52":0,"53":0,"54":0,"55":0,"56":0,"57":0,"58":0,"59":0,"60":0,"61":0,"62":0,"63":0,"64":0,"65":0,"66":0,"67":0,"68":0,"69":0,"70":0,"71":0,"72":0,"73":0,"74":0,"75":0,"76":0,"77":0,"78":0,"79":0,"80":0,"81":0,"82":0,"83":0,"84":0,"85":0,"86":0,"87":0,"88":0,"89":0,"90":0,"91":0,"92":0,"93":0,"94":0,"95":0,"96":0,"97":0,"98":0,"99":0,"100":0,"101":0,"102":0,"103":0,"104":0,"105":0,"106":0,"107":0,"108":0,"109":0,"110":0,"111":0,"112":0,"113":0,"114":0,"115":0,"116":0,"117":0,"118":0,"119":0,"120":0,"121":0,"122":0,"123":0,"124":0,"125":0,"126":0,"127":1,"128":1},"f":{"0":2,"1":0,"2":0,"3":0,"4":0,"5":0,"6":0,"7":4,"8":1,"9":0,"10":0,"11":0,"12":0,"13":0,"14":0,"15":0,"16":0,"17":0,"18":0,"19":0},"b":{"0":[0,2],"1":[0,0],"2":[0,4],"3":[2,2],"4":[1,1],"5":[0,1],"6":[2,0],"7":[0,2],"8":[1,1],"9":[0,1],"10":[0,0],"11":[1,0],"12":[1,0],"13":[0,0],"14":[0,0],"15":[0,0],"16":[0,0],"17":[0,0],"18":[0,0,0],"19":[0,0],"20":[0,0],"21":[0,0],"22":[0,0],"23":[0,0],"24":[0,0],"25":[0,0],"26":[0,0],"27":[0,0],"28":[0,0],"29":[0,0],"30":[0,0,0],"31":[0,0],"32":[0,0],"33":[1,0],"34":[1,1]},"_coverageSchema":"1a1c01bbd47fc00a2c39e90264f33305004495a9","hash":"6af16d483d2a5061ebc74ba946dc2ff99bda14c4"}
}
